[INFO] Scanning for projects...
[INFO] 
[INFO] --------------------< com.crm:integration-service >---------------------
[INFO] Building Integration Service 1.0.0
[INFO]   from pom.xml
[INFO] --------------------------------[ jar ]---------------------------------
[INFO] 
[INFO] --- clean:3.3.2:clean (default-clean) @ integration-service ---
[INFO] Deleting /Users/shubhamgaigawale/monkdevs_workflow/backend/integration-service/target
[INFO] 
[INFO] --- resources:3.3.1:resources (default-resources) @ integration-service ---
[INFO] Copying 1 resource from src/main/resources to target/classes
[INFO] Copying 1 resource from src/main/resources to target/classes
[INFO] 
[INFO] --- compiler:3.11.0:compile (default-compile) @ integration-service ---
[INFO] Changes detected - recompiling the module! :source
[INFO] Compiling 24 source files with javac [debug release 17] to target/classes
[INFO] /Users/shubhamgaigawale/monkdevs_workflow/backend/integration-service/src/main/java/com/crm/integrationservice/service/OAuth2Service.java: /Users/shubhamgaigawale/monkdevs_workflow/backend/integration-service/src/main/java/com/crm/integrationservice/service/OAuth2Service.java uses unchecked or unsafe operations.
[INFO] /Users/shubhamgaigawale/monkdevs_workflow/backend/integration-service/src/main/java/com/crm/integrationservice/service/OAuth2Service.java: Recompile with -Xlint:unchecked for details.
[INFO] 
[INFO] --- resources:3.3.1:testResources (default-testResources) @ integration-service ---
[INFO] skip non existing resourceDirectory /Users/shubhamgaigawale/monkdevs_workflow/backend/integration-service/src/test/resources
[INFO] 
[INFO] --- compiler:3.11.0:testCompile (default-testCompile) @ integration-service ---
[INFO] No sources to compile
[INFO] 
[INFO] --- surefire:3.1.2:test (default-test) @ integration-service ---
[INFO] Tests are skipped.
[INFO] 
[INFO] --- jar:3.3.0:jar (default-jar) @ integration-service ---
[INFO] Building jar: /Users/shubhamgaigawale/monkdevs_workflow/backend/integration-service/target/integration-service-1.0.0.jar
[INFO] 
[INFO] --- spring-boot:3.2.1:repackage (repackage) @ integration-service ---
[INFO] Replacing main artifact /Users/shubhamgaigawale/monkdevs_workflow/backend/integration-service/target/integration-service-1.0.0.jar with repackaged archive, adding nested dependencies in BOOT-INF/.
[INFO] The original artifact has been renamed to /Users/shubhamgaigawale/monkdevs_workflow/backend/integration-service/target/integration-service-1.0.0.jar.original
[INFO] 
[INFO] --- install:3.1.1:install (default-install) @ integration-service ---
[INFO] Installing /Users/shubhamgaigawale/monkdevs_workflow/backend/integration-service/pom.xml to /Users/shubhamgaigawale/.m2/repository/com/crm/integration-service/1.0.0/integration-service-1.0.0.pom
[INFO] Installing /Users/shubhamgaigawale/monkdevs_workflow/backend/integration-service/target/integration-service-1.0.0.jar to /Users/shubhamgaigawale/.m2/repository/com/crm/integration-service/1.0.0/integration-service-1.0.0.jar
[INFO] ------------------------------------------------------------------------
[INFO] BUILD SUCCESS
[INFO] ------------------------------------------------------------------------
[INFO] Total time:  6.295 s
[INFO] Finished at: 2026-01-18T14:46:11+05:30
[INFO] ------------------------------------------------------------------------
