[INFO] Scanning for projects...
[INFO] 
[INFO] -------------------------< com.crm:hr-service >-------------------------
[INFO] Building HR Service 1.0.0
[INFO]   from pom.xml
[INFO] --------------------------------[ jar ]---------------------------------
[INFO] 
[INFO] --- clean:3.3.2:clean (default-clean) @ hr-service ---
[INFO] Deleting /Users/shubhamgaigawale/monkdevs_workflow/backend/hr-service/target
[INFO] 
[INFO] --- resources:3.3.1:resources (default-resources) @ hr-service ---
[INFO] Copying 1 resource from src/main/resources to target/classes
[INFO] Copying 5 resources from src/main/resources to target/classes
[INFO] 
[INFO] --- compiler:3.11.0:compile (default-compile) @ hr-service ---
[INFO] Changes detected - recompiling the module! :source
[INFO] Compiling 109 source files with javac [debug release 17] to target/classes
[WARNING] /Users/shubhamgaigawale/monkdevs_workflow/backend/hr-service/src/main/java/com/crm/hrservice/entity/Holiday.java:[40,25] @Builder will ignore the initializing expression entirely. If you want the initializing expression to serve as default, add @Builder.Default. If it is not supposed to be settable during building, make the field final.
[WARNING] /Users/shubhamgaigawale/monkdevs_workflow/backend/hr-service/src/main/java/com/crm/hrservice/entity/Holiday.java:[46,21] @Builder will ignore the initializing expression entirely. If you want the initializing expression to serve as default, add @Builder.Default. If it is not supposed to be settable during building, make the field final.
[WARNING] /Users/shubhamgaigawale/monkdevs_workflow/backend/hr-service/src/main/java/com/crm/hrservice/entity/TaxRegime.java:[32,21] @Builder will ignore the initializing expression entirely. If you want the initializing expression to serve as default, add @Builder.Default. If it is not supposed to be settable during building, make the field final.
[WARNING] /Users/shubhamgaigawale/monkdevs_workflow/backend/hr-service/src/main/java/com/crm/hrservice/entity/LeaveRequest.java:[57,27] @Builder will ignore the initializing expression entirely. If you want the initializing expression to serve as default, add @Builder.Default. If it is not supposed to be settable during building, make the field final.
[WARNING] /Users/shubhamgaigawale/monkdevs_workflow/backend/hr-service/src/main/java/com/crm/hrservice/entity/LeaveApproval.java:[42,28] @Builder will ignore the initializing expression entirely. If you want the initializing expression to serve as default, add @Builder.Default. If it is not supposed to be settable during building, make the field final.
[WARNING] /Users/shubhamgaigawale/monkdevs_workflow/backend/hr-service/src/main/java/com/crm/hrservice/entity/TaxDeclarationItem.java:[44,32] @Builder will ignore the initializing expression entirely. If you want the initializing expression to serve as default, add @Builder.Default. If it is not supposed to be settable during building, make the field final.
[WARNING] /Users/shubhamgaigawale/monkdevs_workflow/backend/hr-service/src/main/java/com/crm/hrservice/entity/OnboardingTask.java:[50,21] @Builder will ignore the initializing expression entirely. If you want the initializing expression to serve as default, add @Builder.Default. If it is not supposed to be settable during building, make the field final.
[WARNING] /Users/shubhamgaigawale/monkdevs_workflow/backend/hr-service/src/main/java/com/crm/hrservice/entity/EmployeeBankDetails.java:[40,20] @Builder will ignore the initializing expression entirely. If you want the initializing expression to serve as default, add @Builder.Default. If it is not supposed to be settable during building, make the field final.
[WARNING] /Users/shubhamgaigawale/monkdevs_workflow/backend/hr-service/src/main/java/com/crm/hrservice/entity/EmployeeBankDetails.java:[43,21] @Builder will ignore the initializing expression entirely. If you want the initializing expression to serve as default, add @Builder.Default. If it is not supposed to be settable during building, make the field final.
[WARNING] /Users/shubhamgaigawale/monkdevs_workflow/backend/hr-service/src/main/java/com/crm/hrservice/entity/EmployeeBankDetails.java:[47,20] @Builder will ignore the initializing expression entirely. If you want the initializing expression to serve as default, add @Builder.Default. If it is not supposed to be settable during building, make the field final.
[WARNING] /Users/shubhamgaigawale/monkdevs_workflow/backend/hr-service/src/main/java/com/crm/hrservice/entity/SalaryComponent.java:[39,21] @Builder will ignore the initializing expression entirely. If you want the initializing expression to serve as default, add @Builder.Default. If it is not supposed to be settable during building, make the field final.
[WARNING] /Users/shubhamgaigawale/monkdevs_workflow/backend/hr-service/src/main/java/com/crm/hrservice/entity/SalaryComponent.java:[42,21] @Builder will ignore the initializing expression entirely. If you want the initializing expression to serve as default, add @Builder.Default. If it is not supposed to be settable during building, make the field final.
[WARNING] /Users/shubhamgaigawale/monkdevs_workflow/backend/hr-service/src/main/java/com/crm/hrservice/entity/SalaryComponent.java:[49,20] @Builder will ignore the initializing expression entirely. If you want the initializing expression to serve as default, add @Builder.Default. If it is not supposed to be settable during building, make the field final.
[WARNING] /Users/shubhamgaigawale/monkdevs_workflow/backend/hr-service/src/main/java/com/crm/hrservice/entity/TaxCalculation.java:[37,24] @Builder will ignore the initializing expression entirely. If you want the initializing expression to serve as default, add @Builder.Default. If it is not supposed to be settable during building, make the field final.
[WARNING] /Users/shubhamgaigawale/monkdevs_workflow/backend/hr-service/src/main/java/com/crm/hrservice/entity/TaxCalculation.java:[40,24] @Builder will ignore the initializing expression entirely. If you want the initializing expression to serve as default, add @Builder.Default. If it is not supposed to be settable during building, make the field final.
[WARNING] /Users/shubhamgaigawale/monkdevs_workflow/backend/hr-service/src/main/java/com/crm/hrservice/entity/TaxCalculation.java:[49,24] @Builder will ignore the initializing expression entirely. If you want the initializing expression to serve as default, add @Builder.Default. If it is not supposed to be settable during building, make the field final.
[WARNING] /Users/shubhamgaigawale/monkdevs_workflow/backend/hr-service/src/main/java/com/crm/hrservice/entity/TaxCalculation.java:[52,24] @Builder will ignore the initializing expression entirely. If you want the initializing expression to serve as default, add @Builder.Default. If it is not supposed to be settable during building, make the field final.
[WARNING] /Users/shubhamgaigawale/monkdevs_workflow/backend/hr-service/src/main/java/com/crm/hrservice/entity/LeaveType.java:[42,21] @Builder will ignore the initializing expression entirely. If you want the initializing expression to serve as default, add @Builder.Default. If it is not supposed to be settable during building, make the field final.
[WARNING] /Users/shubhamgaigawale/monkdevs_workflow/backend/hr-service/src/main/java/com/crm/hrservice/entity/LeaveType.java:[48,21] @Builder will ignore the initializing expression entirely. If you want the initializing expression to serve as default, add @Builder.Default. If it is not supposed to be settable during building, make the field final.
[WARNING] /Users/shubhamgaigawale/monkdevs_workflow/backend/hr-service/src/main/java/com/crm/hrservice/entity/LeaveType.java:[54,21] @Builder will ignore the initializing expression entirely. If you want the initializing expression to serve as default, add @Builder.Default. If it is not supposed to be settable during building, make the field final.
[WARNING] /Users/shubhamgaigawale/monkdevs_workflow/backend/hr-service/src/main/java/com/crm/hrservice/entity/LeaveType.java:[60,21] @Builder will ignore the initializing expression entirely. If you want the initializing expression to serve as default, add @Builder.Default. If it is not supposed to be settable during building, make the field final.
[WARNING] /Users/shubhamgaigawale/monkdevs_workflow/backend/hr-service/src/main/java/com/crm/hrservice/entity/LeaveType.java:[67,25] @Builder will ignore the initializing expression entirely. If you want the initializing expression to serve as default, add @Builder.Default. If it is not supposed to be settable during building, make the field final.
[WARNING] /Users/shubhamgaigawale/monkdevs_workflow/backend/hr-service/src/main/java/com/crm/hrservice/entity/HraDeclaration.java:[38,21] @Builder will ignore the initializing expression entirely. If you want the initializing expression to serve as default, add @Builder.Default. If it is not supposed to be settable during building, make the field final.
[WARNING] /Users/shubhamgaigawale/monkdevs_workflow/backend/hr-service/src/main/java/com/crm/hrservice/entity/EmployeeSalary.java:[42,20] @Builder will ignore the initializing expression entirely. If you want the initializing expression to serve as default, add @Builder.Default. If it is not supposed to be settable during building, make the field final.
[WARNING] /Users/shubhamgaigawale/monkdevs_workflow/backend/hr-service/src/main/java/com/crm/hrservice/entity/SalaryStructure.java:[36,20] @Builder will ignore the initializing expression entirely. If you want the initializing expression to serve as default, add @Builder.Default. If it is not supposed to be settable during building, make the field final.
[WARNING] /Users/shubhamgaigawale/monkdevs_workflow/backend/hr-service/src/main/java/com/crm/hrservice/entity/OnboardingTemplate.java:[34,21] @Builder will ignore the initializing expression entirely. If you want the initializing expression to serve as default, add @Builder.Default. If it is not supposed to be settable during building, make the field final.
[WARNING] /Users/shubhamgaigawale/monkdevs_workflow/backend/hr-service/src/main/java/com/crm/hrservice/entity/OnboardingTemplate.java:[37,21] @Builder will ignore the initializing expression entirely. If you want the initializing expression to serve as default, add @Builder.Default. If it is not supposed to be settable during building, make the field final.
[WARNING] /Users/shubhamgaigawale/monkdevs_workflow/backend/hr-service/src/main/java/com/crm/hrservice/entity/OnboardingTemplate.java:[41,28] @Builder will ignore the initializing expression entirely. If you want the initializing expression to serve as default, add @Builder.Default. If it is not supposed to be settable during building, make the field final.
[WARNING] /Users/shubhamgaigawale/monkdevs_workflow/backend/hr-service/src/main/java/com/crm/hrservice/entity/EmployeeOnboardingTask.java:[57,24] @Builder will ignore the initializing expression entirely. If you want the initializing expression to serve as default, add @Builder.Default. If it is not supposed to be settable during building, make the field final.
[WARNING] /Users/shubhamgaigawale/monkdevs_workflow/backend/hr-service/src/main/java/com/crm/hrservice/entity/EmployeeDocument.java:[57,28] @Builder will ignore the initializing expression entirely. If you want the initializing expression to serve as default, add @Builder.Default. If it is not supposed to be settable during building, make the field final.
[WARNING] /Users/shubhamgaigawale/monkdevs_workflow/backend/hr-service/src/main/java/com/crm/hrservice/entity/EmployeeDocument.java:[69,21] @Builder will ignore the initializing expression entirely. If you want the initializing expression to serve as default, add @Builder.Default. If it is not supposed to be settable during building, make the field final.
[WARNING] /Users/shubhamgaigawale/monkdevs_workflow/backend/hr-service/src/main/java/com/crm/hrservice/entity/EmployeeTaxDeclaration.java:[35,24] @Builder will ignore the initializing expression entirely. If you want the initializing expression to serve as default, add @Builder.Default. If it is not supposed to be settable during building, make the field final.
[WARNING] /Users/shubhamgaigawale/monkdevs_workflow/backend/hr-service/src/main/java/com/crm/hrservice/entity/EmployeeTaxDeclaration.java:[39,20] @Builder will ignore the initializing expression entirely. If you want the initializing expression to serve as default, add @Builder.Default. If it is not supposed to be settable during building, make the field final.
[WARNING] /Users/shubhamgaigawale/monkdevs_workflow/backend/hr-service/src/main/java/com/crm/hrservice/entity/EmployeeOnboarding.java:[53,30] @Builder will ignore the initializing expression entirely. If you want the initializing expression to serve as default, add @Builder.Default. If it is not supposed to be settable during building, make the field final.
[WARNING] /Users/shubhamgaigawale/monkdevs_workflow/backend/hr-service/src/main/java/com/crm/hrservice/entity/EmployeeOnboarding.java:[56,24] @Builder will ignore the initializing expression entirely. If you want the initializing expression to serve as default, add @Builder.Default. If it is not supposed to be settable during building, make the field final.
[WARNING] /Users/shubhamgaigawale/monkdevs_workflow/backend/hr-service/src/main/java/com/crm/hrservice/entity/SalarySlip.java:[42,24] @Builder will ignore the initializing expression entirely. If you want the initializing expression to serve as default, add @Builder.Default. If it is not supposed to be settable during building, make the field final.
[WARNING] /Users/shubhamgaigawale/monkdevs_workflow/backend/hr-service/src/main/java/com/crm/hrservice/entity/SalarySlip.java:[55,20] @Builder will ignore the initializing expression entirely. If you want the initializing expression to serve as default, add @Builder.Default. If it is not supposed to be settable during building, make the field final.
[WARNING] /Users/shubhamgaigawale/monkdevs_workflow/backend/hr-service/src/main/java/com/crm/hrservice/dto/salary/request/SalaryComponentRequest.java:[32,21] @Builder will ignore the initializing expression entirely. If you want the initializing expression to serve as default, add @Builder.Default. If it is not supposed to be settable during building, make the field final.
[WARNING] /Users/shubhamgaigawale/monkdevs_workflow/backend/hr-service/src/main/java/com/crm/hrservice/dto/salary/request/SalaryComponentRequest.java:[34,21] @Builder will ignore the initializing expression entirely. If you want the initializing expression to serve as default, add @Builder.Default. If it is not supposed to be settable during building, make the field final.
[WARNING] /Users/shubhamgaigawale/monkdevs_workflow/backend/hr-service/src/main/java/com/crm/hrservice/entity/EquipmentAssignment.java:[61,29] @Builder will ignore the initializing expression entirely. If you want the initializing expression to serve as default, add @Builder.Default. If it is not supposed to be settable during building, make the field final.
[WARNING] /Users/shubhamgaigawale/monkdevs_workflow/backend/hr-service/src/main/java/com/crm/hrservice/entity/LeaveBalance.java:[48,24] @Builder will ignore the initializing expression entirely. If you want the initializing expression to serve as default, add @Builder.Default. If it is not supposed to be settable during building, make the field final.
[WARNING] /Users/shubhamgaigawale/monkdevs_workflow/backend/hr-service/src/main/java/com/crm/hrservice/entity/LeaveBalance.java:[51,24] @Builder will ignore the initializing expression entirely. If you want the initializing expression to serve as default, add @Builder.Default. If it is not supposed to be settable during building, make the field final.
[WARNING] /Users/shubhamgaigawale/monkdevs_workflow/backend/hr-service/src/main/java/com/crm/hrservice/entity/LeaveBalance.java:[57,24] @Builder will ignore the initializing expression entirely. If you want the initializing expression to serve as default, add @Builder.Default. If it is not supposed to be settable during building, make the field final.
[INFO] /Users/shubhamgaigawale/monkdevs_workflow/backend/hr-service/src/main/java/com/crm/hrservice/entity/KpiData.java: /Users/shubhamgaigawale/monkdevs_workflow/backend/hr-service/src/main/java/com/crm/hrservice/entity/KpiData.java uses or overrides a deprecated API.
[INFO] /Users/shubhamgaigawale/monkdevs_workflow/backend/hr-service/src/main/java/com/crm/hrservice/entity/KpiData.java: Recompile with -Xlint:deprecation for details.
[INFO] 
[INFO] --- resources:3.3.1:testResources (default-testResources) @ hr-service ---
[INFO] skip non existing resourceDirectory /Users/shubhamgaigawale/monkdevs_workflow/backend/hr-service/src/test/resources
[INFO] 
[INFO] --- compiler:3.11.0:testCompile (default-testCompile) @ hr-service ---
[INFO] No sources to compile
[INFO] 
[INFO] --- surefire:3.1.2:test (default-test) @ hr-service ---
[INFO] Tests are skipped.
[INFO] 
[INFO] --- jar:3.3.0:jar (default-jar) @ hr-service ---
[INFO] Building jar: /Users/shubhamgaigawale/monkdevs_workflow/backend/hr-service/target/hr-service-1.0.0.jar
[INFO] 
[INFO] --- spring-boot:3.2.1:repackage (repackage) @ hr-service ---
[INFO] Replacing main artifact /Users/shubhamgaigawale/monkdevs_workflow/backend/hr-service/target/hr-service-1.0.0.jar with repackaged archive, adding nested dependencies in BOOT-INF/.
[INFO] The original artifact has been renamed to /Users/shubhamgaigawale/monkdevs_workflow/backend/hr-service/target/hr-service-1.0.0.jar.original
[INFO] 
[INFO] --- install:3.1.1:install (default-install) @ hr-service ---
[INFO] Installing /Users/shubhamgaigawale/monkdevs_workflow/backend/hr-service/pom.xml to /Users/shubhamgaigawale/.m2/repository/com/crm/hr-service/1.0.0/hr-service-1.0.0.pom
[INFO] Installing /Users/shubhamgaigawale/monkdevs_workflow/backend/hr-service/target/hr-service-1.0.0.jar to /Users/shubhamgaigawale/.m2/repository/com/crm/hr-service/1.0.0/hr-service-1.0.0.jar
[INFO] ------------------------------------------------------------------------
[INFO] BUILD SUCCESS
[INFO] ------------------------------------------------------------------------
[INFO] Total time:  7.976 s
[INFO] Finished at: 2026-01-18T14:46:12+05:30
[INFO] ------------------------------------------------------------------------
