
  .   ____          _            __ _ _
 /\\ / ___'_ __ _ _(_)_ __  __ _ \ \ \ \
( ( )\___ | '_ | '_| | '_ \/ _` | \ \ \ \
 \\/  ___)| |_)| | | | | || (_| |  ) ) ) )
  '  |____| .__|_| |_|_| |_\__, | / / / /
 =========|_|==============|___/=/_/_/_/
[32m :: Spring Boot :: [39m              [2m (v3.2.1)[0;39m

[2m2026-01-10T22:45:09.263+05:30[0;39m [32m INFO[0;39m [35m75517[0;39m [2m---[0;39m [2m[call-service] [           main][0;39m [2m[0;39m[36mc.c.callservice.CallServiceApplication  [0;39m [2m:[0;39m Starting CallServiceApplication using Java 23.0.2 with PID 75517 (/Users/shubhamgaigawale/monkdevs_workflow/backend/call-service/target/call-service-1.0.0.jar started by shubhamgaigawale in /Users/shubhamgaigawale/monkdevs_workflow/backend)
[2m2026-01-10T22:45:09.269+05:30[0;39m [32mDEBUG[0;39m [35m75517[0;39m [2m---[0;39m [2m[call-service] [           main][0;39m [2m[0;39m[36mc.c.callservice.CallServiceApplication  [0;39m [2m:[0;39m Running with Spring Boot v3.2.1, Spring v6.1.2
[2m2026-01-10T22:45:09.270+05:30[0;39m [32m INFO[0;39m [35m75517[0;39m [2m---[0;39m [2m[call-service] [           main][0;39m [2m[0;39m[36mc.c.callservice.CallServiceApplication  [0;39m [2m:[0;39m No active profile set, falling back to 1 default profile: "default"
[2m2026-01-10T22:45:10.828+05:30[0;39m [32m INFO[0;39m [35m75517[0;39m [2m---[0;39m [2m[call-service] [           main][0;39m [2m[0;39m[36m.s.d.r.c.RepositoryConfigurationDelegate[0;39m [2m:[0;39m Multiple Spring Data modules found, entering strict repository configuration mode
[2m2026-01-10T22:45:10.831+05:30[0;39m [32m INFO[0;39m [35m75517[0;39m [2m---[0;39m [2m[call-service] [           main][0;39m [2m[0;39m[36m.s.d.r.c.RepositoryConfigurationDelegate[0;39m [2m:[0;39m Bootstrapping Spring Data JPA repositories in DEFAULT mode.
[2m2026-01-10T22:45:10.939+05:30[0;39m [32m INFO[0;39m [35m75517[0;39m [2m---[0;39m [2m[call-service] [           main][0;39m [2m[0;39m[36m.s.d.r.c.RepositoryConfigurationDelegate[0;39m [2m:[0;39m Finished Spring Data repository scanning in 96 ms. Found 2 JPA repository interfaces.
[2m2026-01-10T22:45:10.961+05:30[0;39m [32m INFO[0;39m [35m75517[0;39m [2m---[0;39m [2m[call-service] [           main][0;39m [2m[0;39m[36m.s.d.r.c.RepositoryConfigurationDelegate[0;39m [2m:[0;39m Multiple Spring Data modules found, entering strict repository configuration mode
[2m2026-01-10T22:45:10.963+05:30[0;39m [32m INFO[0;39m [35m75517[0;39m [2m---[0;39m [2m[call-service] [           main][0;39m [2m[0;39m[36m.s.d.r.c.RepositoryConfigurationDelegate[0;39m [2m:[0;39m Bootstrapping Spring Data Redis repositories in DEFAULT mode.
[2m2026-01-10T22:45:10.977+05:30[0;39m [32m INFO[0;39m [35m75517[0;39m [2m---[0;39m [2m[call-service] [           main][0;39m [2m[0;39m[36m.RepositoryConfigurationExtensionSupport[0;39m [2m:[0;39m Spring Data Redis - Could not safely identify store assignment for repository candidate interface com.crm.callservice.repository.CallLogRepository; If you want this repository to be a Redis repository, consider annotating your entities with one of these annotations: org.springframework.data.redis.core.RedisHash (preferred), or consider extending one of the following types with your repository: org.springframework.data.keyvalue.repository.KeyValueRepository
[2m2026-01-10T22:45:10.978+05:30[0;39m [32m INFO[0;39m [35m75517[0;39m [2m---[0;39m [2m[call-service] [           main][0;39m [2m[0;39m[36m.RepositoryConfigurationExtensionSupport[0;39m [2m:[0;39m Spring Data Redis - Could not safely identify store assignment for repository candidate interface com.crm.callservice.repository.CallRepository; If you want this repository to be a Redis repository, consider annotating your entities with one of these annotations: org.springframework.data.redis.core.RedisHash (preferred), or consider extending one of the following types with your repository: org.springframework.data.keyvalue.repository.KeyValueRepository
[2m2026-01-10T22:45:10.978+05:30[0;39m [32m INFO[0;39m [35m75517[0;39m [2m---[0;39m [2m[call-service] [           main][0;39m [2m[0;39m[36m.s.d.r.c.RepositoryConfigurationDelegate[0;39m [2m:[0;39m Finished Spring Data repository scanning in 5 ms. Found 0 Redis repository interfaces.
[2m2026-01-10T22:45:12.079+05:30[0;39m [32m INFO[0;39m [35m75517[0;39m [2m---[0;39m [2m[call-service] [           main][0;39m [2m[0;39m[36mo.s.b.w.embedded.tomcat.TomcatWebServer [0;39m [2m:[0;39m Tomcat initialized with port 8084 (http)
[2m2026-01-10T22:45:12.100+05:30[0;39m [32m INFO[0;39m [35m75517[0;39m [2m---[0;39m [2m[call-service] [           main][0;39m [2m[0;39m[36mo.apache.catalina.core.StandardService  [0;39m [2m:[0;39m Starting service [Tomcat]
[2m2026-01-10T22:45:12.100+05:30[0;39m [32m INFO[0;39m [35m75517[0;39m [2m---[0;39m [2m[call-service] [           main][0;39m [2m[0;39m[36mo.apache.catalina.core.StandardEngine   [0;39m [2m:[0;39m Starting Servlet engine: [Apache Tomcat/10.1.17]
[2m2026-01-10T22:45:12.147+05:30[0;39m [32m INFO[0;39m [35m75517[0;39m [2m---[0;39m [2m[call-service] [           main][0;39m [2m[0;39m[36mo.a.c.c.C.[Tomcat].[localhost].[/api]   [0;39m [2m:[0;39m Initializing Spring embedded WebApplicationContext
[2m2026-01-10T22:45:12.148+05:30[0;39m [32m INFO[0;39m [35m75517[0;39m [2m---[0;39m [2m[call-service] [           main][0;39m [2m[0;39m[36mw.s.c.ServletWebServerApplicationContext[0;39m [2m:[0;39m Root WebApplicationContext: initialization completed in 2598 ms
[2m2026-01-10T22:45:12.579+05:30[0;39m [32m INFO[0;39m [35m75517[0;39m [2m---[0;39m [2m[call-service] [           main][0;39m [2m[0;39m[36mo.f.c.i.s.classpath.ClassPathScanner    [0;39m [2m:[0;39m Flyway OSS Edition 10.4.1 by Redgate
[2m2026-01-10T22:45:12.579+05:30[0;39m [32m INFO[0;39m [35m75517[0;39m [2m---[0;39m [2m[call-service] [           main][0;39m [2m[0;39m[36mo.f.c.i.s.classpath.ClassPathScanner    [0;39m [2m:[0;39m 
[2m2026-01-10T22:45:12.579+05:30[0;39m [32m INFO[0;39m [35m75517[0;39m [2m---[0;39m [2m[call-service] [           main][0;39m [2m[0;39m[36mo.f.c.i.s.classpath.ClassPathScanner    [0;39m [2m:[0;39m See release notes here: https://rd.gt/416ObMi
[2m2026-01-10T22:45:12.607+05:30[0;39m [32m INFO[0;39m [35m75517[0;39m [2m---[0;39m [2m[call-service] [           main][0;39m [2m[0;39m[36mcom.zaxxer.hikari.HikariDataSource      [0;39m [2m:[0;39m HikariPool-1 - Starting...
[2m2026-01-10T22:45:12.855+05:30[0;39m [32m INFO[0;39m [35m75517[0;39m [2m---[0;39m [2m[call-service] [           main][0;39m [2m[0;39m[36mcom.zaxxer.hikari.pool.HikariPool       [0;39m [2m:[0;39m HikariPool-1 - Added connection org.postgresql.jdbc.PgConnection@7548e1fb
[2m2026-01-10T22:45:12.857+05:30[0;39m [32m INFO[0;39m [35m75517[0;39m [2m---[0;39m [2m[call-service] [           main][0;39m [2m[0;39m[36mcom.zaxxer.hikari.HikariDataSource      [0;39m [2m:[0;39m HikariPool-1 - Start completed.
[2m2026-01-10T22:45:12.923+05:30[0;39m [32m INFO[0;39m [35m75517[0;39m [2m---[0;39m [2m[call-service] [           main][0;39m [2m[0;39m[36morg.flywaydb.core.FlywayExecutor        [0;39m [2m:[0;39m Database: jdbc:postgresql://localhost:5432/crm_db (PostgreSQL 15.15)
[2m2026-01-10T22:45:12.996+05:30[0;39m [32m INFO[0;39m [35m75517[0;39m [2m---[0;39m [2m[call-service] [           main][0;39m [2m[0;39m[36mo.f.core.internal.command.DbValidate    [0;39m [2m:[0;39m Successfully validated 2 migrations (execution time 00:00.042s)
[2m2026-01-10T22:45:13.061+05:30[0;39m [32m INFO[0;39m [35m75517[0;39m [2m---[0;39m [2m[call-service] [           main][0;39m [2m[0;39m[36mo.f.core.internal.command.DbMigrate     [0;39m [2m:[0;39m Current version of schema "public": 1
[2m2026-01-10T22:45:13.065+05:30[0;39m [32m INFO[0;39m [35m75517[0;39m [2m---[0;39m [2m[call-service] [           main][0;39m [2m[0;39m[36mo.f.core.internal.command.DbMigrate     [0;39m [2m:[0;39m Schema "public" is up to date. No migration necessary.
[2m2026-01-10T22:45:13.182+05:30[0;39m [32m INFO[0;39m [35m75517[0;39m [2m---[0;39m [2m[call-service] [           main][0;39m [2m[0;39m[36mo.hibernate.jpa.internal.util.LogHelper [0;39m [2m:[0;39m HHH000204: Processing PersistenceUnitInfo [name: default]
[2m2026-01-10T22:45:13.245+05:30[0;39m [32m INFO[0;39m [35m75517[0;39m [2m---[0;39m [2m[call-service] [           main][0;39m [2m[0;39m[36morg.hibernate.Version                   [0;39m [2m:[0;39m HHH000412: Hibernate ORM core version 6.4.1.Final
[2m2026-01-10T22:45:13.319+05:30[0;39m [32m INFO[0;39m [35m75517[0;39m [2m---[0;39m [2m[call-service] [           main][0;39m [2m[0;39m[36mo.h.c.internal.RegionFactoryInitiator   [0;39m [2m:[0;39m HHH000026: Second-level cache disabled
[2m2026-01-10T22:45:13.504+05:30[0;39m [32m INFO[0;39m [35m75517[0;39m [2m---[0;39m [2m[call-service] [           main][0;39m [2m[0;39m[36mo.s.o.j.p.SpringPersistenceUnitInfo     [0;39m [2m:[0;39m No LoadTimeWeaver setup: ignoring JPA class transformer
[2m2026-01-10T22:45:13.544+05:30[0;39m [33m WARN[0;39m [35m75517[0;39m [2m---[0;39m [2m[call-service] [           main][0;39m [2m[0;39m[36morg.hibernate.orm.deprecation           [0;39m [2m:[0;39m HHH90000025: PostgreSQLDialect does not need to be specified explicitly using 'hibernate.dialect' (remove the property setting and it will be selected by default)
[2m2026-01-10T22:45:14.112+05:30[0;39m [32m INFO[0;39m [35m75517[0;39m [2m---[0;39m [2m[call-service] [           main][0;39m [2m[0;39m[36mo.h.e.t.j.p.i.JtaPlatformInitiator      [0;39m [2m:[0;39m HHH000489: No JTA platform available (set 'hibernate.transaction.jta.platform' to enable JTA platform integration)
[2m2026-01-10T22:45:14.168+05:30[0;39m [32m INFO[0;39m [35m75517[0;39m [2m---[0;39m [2m[call-service] [           main][0;39m [2m[0;39m[36mj.LocalContainerEntityManagerFactoryBean[0;39m [2m:[0;39m Initialized JPA EntityManagerFactory for persistence unit 'default'
[2m2026-01-10T22:45:14.581+05:30[0;39m [32m INFO[0;39m [35m75517[0;39m [2m---[0;39m [2m[call-service] [           main][0;39m [2m[0;39m[36mo.s.d.j.r.query.QueryEnhancerFactory    [0;39m [2m:[0;39m Hibernate is in classpath; If applicable, HQL parser will be used.
[2m2026-01-10T22:45:16.011+05:30[0;39m [33m WARN[0;39m [35m75517[0;39m [2m---[0;39m [2m[call-service] [           main][0;39m [2m[0;39m[36mJpaBaseConfiguration$JpaWebConfiguration[0;39m [2m:[0;39m spring.jpa.open-in-view is enabled by default. Therefore, database queries may be performed during view rendering. Explicitly configure spring.jpa.open-in-view to disable this warning
[2m2026-01-10T22:45:16.038+05:30[0;39m [33m WARN[0;39m [35m75517[0;39m [2m---[0;39m [2m[call-service] [           main][0;39m [2m[0;39m[36m.s.s.UserDetailsServiceAutoConfiguration[0;39m [2m:[0;39m 

Using generated security password: 73863f9e-08be-475d-9423-31a7f2e1b88e

This generated password is for development use only. Your security configuration must be updated before running your application in production.

[2m2026-01-10T22:45:16.426+05:30[0;39m [32m INFO[0;39m [35m75517[0;39m [2m---[0;39m [2m[call-service] [           main][0;39m [2m[0;39m[36mo.s.s.web.DefaultSecurityFilterChain    [0;39m [2m:[0;39m Will secure any request with [org.springframework.security.web.session.DisableEncodeUrlFilter@c2a7ded, org.springframework.security.web.context.request.async.WebAsyncManagerIntegrationFilter@4ba61340, org.springframework.security.web.context.SecurityContextHolderFilter@182934f2, org.springframework.security.web.header.HeaderWriterFilter@240c170a, org.springframework.security.web.authentication.logout.LogoutFilter@1727d525, com.crm.common.security.filter.JwtAuthenticationFilter@342ee097, org.springframework.security.web.savedrequest.RequestCacheAwareFilter@4aedac7f, org.springframework.security.web.servletapi.SecurityContextHolderAwareRequestFilter@7f8bc54e, org.springframework.security.web.authentication.AnonymousAuthenticationFilter@3a95898c, org.springframework.security.web.session.SessionManagementFilter@7ff167c4, org.springframework.security.web.access.ExceptionTranslationFilter@4c12e25d, org.springframework.security.web.access.intercept.AuthorizationFilter@3d6f549c]
[2m2026-01-10T22:45:17.136+05:30[0;39m [32m INFO[0;39m [35m75517[0;39m [2m---[0;39m [2m[call-service] [           main][0;39m [2m[0;39m[36mo.s.b.w.embedded.tomcat.TomcatWebServer [0;39m [2m:[0;39m Tomcat started on port 8084 (http) with context path '/api'
[2m2026-01-10T22:45:17.153+05:30[0;39m [32m INFO[0;39m [35m75517[0;39m [2m---[0;39m [2m[call-service] [           main][0;39m [2m[0;39m[36mc.c.callservice.CallServiceApplication  [0;39m [2m:[0;39m Started CallServiceApplication in 8.341 seconds (process running for 8.988)
[2m2026-01-10T22:45:48.276+05:30[0;39m [32m INFO[0;39m [35m75517[0;39m [2m---[0;39m [2m[call-service] [nio-8084-exec-1][0;39m [2m[0;39m[36mo.a.c.c.C.[Tomcat].[localhost].[/api]   [0;39m [2m:[0;39m Initializing Spring DispatcherServlet 'dispatcherServlet'
[2m2026-01-10T22:45:48.276+05:30[0;39m [32m INFO[0;39m [35m75517[0;39m [2m---[0;39m [2m[call-service] [nio-8084-exec-1][0;39m [2m[0;39m[36mo.s.web.servlet.DispatcherServlet       [0;39m [2m:[0;39m Initializing Servlet 'dispatcherServlet'
[2m2026-01-10T22:45:48.277+05:30[0;39m [32m INFO[0;39m [35m75517[0;39m [2m---[0;39m [2m[call-service] [nio-8084-exec-1][0;39m [2m[0;39m[36mo.s.web.servlet.DispatcherServlet       [0;39m [2m:[0;39m Completed initialization in 1 ms
[2m2026-01-10T22:45:48.332+05:30[0;39m [32m INFO[0;39m [35m75517[0;39m [2m---[0;39m [2m[call-service] [nio-8084-exec-1][0;39m [2m[0;39m[36mc.crm.callservice.service.CallService   [0;39m [2m:[0;39m Fetching calls for tenant: 98097a9c-c167-404e-8507-be1bdf8d015e, user: 37e548f6-54bc-446b-aad3-a5f9b44e6f08
[2m2026-01-10T22:48:38.236+05:30[0;39m [32m INFO[0;39m [35m75517[0;39m [2m---[0;39m [2m[call-service] [nio-8084-exec-3][0;39m [2m[0;39m[36mo.springdoc.api.AbstractOpenApiResource [0;39m [2m:[0;39m Init duration for springdoc-openapi is: 178 ms
[2m2026-01-10T23:07:08.465+05:30[0;39m [32m INFO[0;39m [35m75517[0;39m [2m---[0;39m [2m[call-service] [ionShutdownHook][0;39m [2m[0;39m[36mj.LocalContainerEntityManagerFactoryBean[0;39m [2m:[0;39m Closing JPA EntityManagerFactory for persistence unit 'default'
[2m2026-01-10T23:07:08.468+05:30[0;39m [32m INFO[0;39m [35m75517[0;39m [2m---[0;39m [2m[call-service] [ionShutdownHook][0;39m [2m[0;39m[36mcom.zaxxer.hikari.HikariDataSource      [0;39m [2m:[0;39m HikariPool-1 - Shutdown initiated...
[2m2026-01-10T23:07:08.470+05:30[0;39m [32m INFO[0;39m [35m75517[0;39m [2m---[0;39m [2m[call-service] [ionShutdownHook][0;39m [2m[0;39m[36mcom.zaxxer.hikari.HikariDataSource      [0;39m [2m:[0;39m HikariPool-1 - Shutdown completed.
