
  .   ____          _            __ _ _
 /\\ / ___'_ __ _ _(_)_ __  __ _ \ \ \ \
( ( )\___ | '_ | '_| | '_ \/ _` | \ \ \ \
 \\/  ___)| |_)| | | | | || (_| |  ) ) ) )
  '  |____| .__|_| |_|_| |_\__, | / / / /
 =========|_|==============|___/=/_/_/_/
[32m :: Spring Boot :: [39m              [2m (v3.2.1)[0;39m

22:45:09.419 [main] INFO  c.crm.hrservice.HrServiceApplication - Starting HrServiceApplication using Java 23.0.2 with PID 75515 (/Users/shubhamgaigawale/monkdevs_workflow/backend/hr-service/target/hr-service-1.0.0.jar started by shubhamgaigawale in /Users/shubhamgaigawale/monkdevs_workflow/backend)
22:45:09.420 [main] DEBUG c.crm.hrservice.HrServiceApplication - Running with Spring Boot v3.2.1, Spring v6.1.2
22:45:09.421 [main] INFO  c.crm.hrservice.HrServiceApplication - No active profile set, falling back to 1 default profile: "default"
22:45:10.810 [main] INFO  o.s.d.r.c.RepositoryConfigurationDelegate - Multiple Spring Data modules found, entering strict repository configuration mode
22:45:10.811 [main] INFO  o.s.d.r.c.RepositoryConfigurationDelegate - Bootstrapping Spring Data JPA repositories in DEFAULT mode.
22:45:10.928 [main] INFO  o.s.d.r.c.RepositoryConfigurationDelegate - Finished Spring Data repository scanning in 113 ms. Found 4 JPA repository interfaces.
22:45:10.945 [main] INFO  o.s.d.r.c.RepositoryConfigurationDelegate - Multiple Spring Data modules found, entering strict repository configuration mode
22:45:10.946 [main] INFO  o.s.d.r.c.RepositoryConfigurationDelegate - Bootstrapping Spring Data Redis repositories in DEFAULT mode.
22:45:10.961 [main] INFO  o.s.d.r.c.RepositoryConfigurationExtensionSupport - Spring Data Redis - Could not safely identify store assignment for repository candidate interface com.crm.hrservice.repository.PerformanceMetricRepository; If you want this repository to be a Redis repository, consider annotating your entities with one of these annotations: org.springframework.data.redis.core.RedisHash (preferred), or consider extending one of the following types with your repository: org.springframework.data.keyvalue.repository.KeyValueRepository
22:45:10.962 [main] INFO  o.s.d.r.c.RepositoryConfigurationExtensionSupport - Spring Data Redis - Could not safely identify store assignment for repository candidate interface com.crm.hrservice.repository.TimeEntryRepository; If you want this repository to be a Redis repository, consider annotating your entities with one of these annotations: org.springframework.data.redis.core.RedisHash (preferred), or consider extending one of the following types with your repository: org.springframework.data.keyvalue.repository.KeyValueRepository
22:45:10.963 [main] INFO  o.s.d.r.c.RepositoryConfigurationExtensionSupport - Spring Data Redis - Could not safely identify store assignment for repository candidate interface com.crm.hrservice.repository.AttendanceRecordRepository; If you want this repository to be a Redis repository, consider annotating your entities with one of these annotations: org.springframework.data.redis.core.RedisHash (preferred), or consider extending one of the following types with your repository: org.springframework.data.keyvalue.repository.KeyValueRepository
22:45:10.964 [main] INFO  o.s.d.r.c.RepositoryConfigurationExtensionSupport - Spring Data Redis - Could not safely identify store assignment for repository candidate interface com.crm.hrservice.repository.KpiDataRepository; If you want this repository to be a Redis repository, consider annotating your entities with one of these annotations: org.springframework.data.redis.core.RedisHash (preferred), or consider extending one of the following types with your repository: org.springframework.data.keyvalue.repository.KeyValueRepository
22:45:10.964 [main] INFO  o.s.d.r.c.RepositoryConfigurationDelegate - Finished Spring Data repository scanning in 12 ms. Found 0 Redis repository interfaces.
22:45:12.094 [main] INFO  o.s.b.w.e.tomcat.TomcatWebServer - Tomcat initialized with port 8082 (http)
22:45:12.107 [main] INFO  o.a.catalina.core.StandardService - Starting service [Tomcat]
22:45:12.107 [main] INFO  o.a.catalina.core.StandardEngine - Starting Servlet engine: [Apache Tomcat/10.1.17]
22:45:12.193 [main] INFO  o.a.c.c.C.[.[localhost].[/api] - Initializing Spring embedded WebApplicationContext
22:45:12.193 [main] INFO  o.s.b.w.s.c.ServletWebServerApplicationContext - Root WebApplicationContext: initialization completed in 2540 ms
22:45:12.624 [main] INFO  o.f.c.i.s.classpath.ClassPathScanner - Flyway OSS Edition 10.4.1 by Redgate
22:45:12.624 [main] INFO  o.f.c.i.s.classpath.ClassPathScanner - 
22:45:12.624 [main] INFO  o.f.c.i.s.classpath.ClassPathScanner - See release notes here: https://rd.gt/416ObMi
22:45:12.629 [main] INFO  com.zaxxer.hikari.HikariDataSource - HikariPool-1 - Starting...
22:45:12.924 [main] INFO  com.zaxxer.hikari.pool.HikariPool - HikariPool-1 - Added connection org.postgresql.jdbc.PgConnection@1a10c47e
22:45:12.925 [main] INFO  com.zaxxer.hikari.HikariDataSource - HikariPool-1 - Start completed.
22:45:12.945 [main] INFO  org.flywaydb.core.FlywayExecutor - Database: jdbc:postgresql://localhost:5432/crm_db (PostgreSQL 15.15)
22:45:12.987 [main] INFO  o.f.core.internal.command.DbValidate - Successfully validated 2 migrations (execution time 00:00.023s)
22:45:13.112 [main] INFO  o.f.core.internal.command.DbMigrate - Current version of schema "public": 1
22:45:13.115 [main] INFO  o.f.core.internal.command.DbMigrate - Schema "public" is up to date. No migration necessary.
22:45:13.256 [main] INFO  o.h.jpa.internal.util.LogHelper - HHH000204: Processing PersistenceUnitInfo [name: default]
22:45:13.369 [main] INFO  org.hibernate.Version - HHH000412: Hibernate ORM core version 6.4.1.Final
22:45:13.385 [main] INFO  o.h.c.i.RegionFactoryInitiator - HHH000026: Second-level cache disabled
22:45:13.538 [main] INFO  o.s.o.j.p.SpringPersistenceUnitInfo - No LoadTimeWeaver setup: ignoring JPA class transformer
22:45:13.566 [main] WARN  org.hibernate.orm.deprecation - HHH90000025: PostgreSQLDialect does not need to be specified explicitly using 'hibernate.dialect' (remove the property setting and it will be selected by default)
22:45:14.193 [main] INFO  o.h.e.t.j.p.i.JtaPlatformInitiator - HHH000489: No JTA platform available (set 'hibernate.transaction.jta.platform' to enable JTA platform integration)
22:45:14.296 [main] INFO  o.s.o.j.LocalContainerEntityManagerFactoryBean - Initialized JPA EntityManagerFactory for persistence unit 'default'
22:45:14.727 [main] INFO  o.s.d.j.r.query.QueryEnhancerFactory - Hibernate is in classpath; If applicable, HQL parser will be used.
22:45:16.053 [main] WARN  o.s.b.a.o.j.JpaBaseConfiguration$JpaWebConfiguration - spring.jpa.open-in-view is enabled by default. Therefore, database queries may be performed during view rendering. Explicitly configure spring.jpa.open-in-view to disable this warning
22:45:16.109 [main] WARN  o.s.b.a.s.s.UserDetailsServiceAutoConfiguration - 

Using generated security password: 01bf0671-c20e-4d1d-b17f-58067b298df0

This generated password is for development use only. Your security configuration must be updated before running your application in production.

22:45:16.604 [main] INFO  o.s.s.web.DefaultSecurityFilterChain - Will secure any request with [org.springframework.security.web.session.DisableEncodeUrlFilter@2e006f67, org.springframework.security.web.context.request.async.WebAsyncManagerIntegrationFilter@63eebb56, org.springframework.security.web.context.SecurityContextHolderFilter@7431f4b8, org.springframework.security.web.header.HeaderWriterFilter@3268f664, org.springframework.web.filter.CorsFilter@435d648d, org.springframework.security.web.authentication.logout.LogoutFilter@7a506493, com.crm.common.security.filter.JwtAuthenticationFilter@2726a511, org.springframework.security.web.savedrequest.RequestCacheAwareFilter@5c2fc86, org.springframework.security.web.servletapi.SecurityContextHolderAwareRequestFilter@2baf9cd4, org.springframework.security.web.authentication.AnonymousAuthenticationFilter@379899f4, org.springframework.security.web.session.SessionManagementFilter@2554bfa, org.springframework.security.web.access.ExceptionTranslationFilter@2e8ff687, org.springframework.security.web.access.intercept.AuthorizationFilter@7277fa93]
22:45:17.297 [main] INFO  o.s.b.w.e.tomcat.TomcatWebServer - Tomcat started on port 8082 (http) with context path '/api'
22:45:17.307 [main] INFO  c.crm.hrservice.HrServiceApplication - Started HrServiceApplication in 8.438 seconds (process running for 9.143)
22:45:47.961 [http-nio-8082-exec-1] INFO  o.a.c.c.C.[.[localhost].[/api] - Initializing Spring DispatcherServlet 'dispatcherServlet'
22:45:47.961 [http-nio-8082-exec-1] INFO  o.s.web.servlet.DispatcherServlet - Initializing Servlet 'dispatcherServlet'
22:45:47.962 [http-nio-8082-exec-1] INFO  o.s.web.servlet.DispatcherServlet - Completed initialization in 1 ms
22:45:47.969 [http-nio-8082-exec-1] DEBUG o.s.security.web.FilterChainProxy - Securing GET /time/status
22:45:48.001 [http-nio-8082-exec-1] DEBUG o.s.security.web.FilterChainProxy - Secured GET /time/status
22:45:48.041 [http-nio-8082-exec-1] DEBUG org.hibernate.SQL - 
    select
        te1_0.id,
        te1_0.created_at,
        te1_0.device_info,
        te1_0.entry_type,
        te1_0.location_data,
        te1_0.notes,
        te1_0.tenant_id,
        te1_0.timestamp,
        te1_0.updated_at,
        te1_0.user_id 
    from
        hr_workflow.time_entries te1_0 
    where
        te1_0.tenant_id=? 
        and te1_0.user_id=? 
    order by
        te1_0.timestamp desc 
    fetch
        first 1 rows only
22:45:48.048 [http-nio-8082-exec-1] DEBUG org.hibernate.SQL - 
    select
        te1_0.id,
        te1_0.created_at,
        te1_0.device_info,
        te1_0.entry_type,
        te1_0.location_data,
        te1_0.notes,
        te1_0.tenant_id,
        te1_0.timestamp,
        te1_0.updated_at,
        te1_0.user_id 
    from
        hr_workflow.time_entries te1_0 
    where
        te1_0.tenant_id=? 
        and te1_0.user_id=? 
    order by
        te1_0.timestamp desc 
    fetch
        first 1 rows only
22:47:40.442 [http-nio-8082-exec-3] DEBUG o.s.security.web.FilterChainProxy - Securing GET /swagger-ui/index.html
22:47:40.443 [http-nio-8082-exec-3] DEBUG o.s.s.w.a.AnonymousAuthenticationFilter - Set SecurityContextHolder to anonymous SecurityContext
22:47:40.443 [http-nio-8082-exec-3] DEBUG o.s.s.w.s.SessionManagementFilter - Request requested invalid session id FA92B1F68AD9A78844E3F7C17F8C6A9E
22:47:40.443 [http-nio-8082-exec-3] DEBUG o.s.security.web.FilterChainProxy - Secured GET /swagger-ui/index.html
22:47:40.470 [http-nio-8082-exec-4] DEBUG o.s.security.web.FilterChainProxy - Securing GET /swagger-ui/swagger-ui.css
22:47:40.471 [http-nio-8082-exec-4] DEBUG o.s.s.w.a.AnonymousAuthenticationFilter - Set SecurityContextHolder to anonymous SecurityContext
22:47:40.471 [http-nio-8082-exec-8] DEBUG o.s.security.web.FilterChainProxy - Securing GET /swagger-ui/swagger-initializer.js
22:47:40.471 [http-nio-8082-exec-4] DEBUG o.s.s.w.s.SessionManagementFilter - Request requested invalid session id FA92B1F68AD9A78844E3F7C17F8C6A9E
22:47:40.471 [http-nio-8082-exec-7] DEBUG o.s.security.web.FilterChainProxy - Securing GET /swagger-ui/swagger-ui-bundle.js
22:47:40.471 [http-nio-8082-exec-8] DEBUG o.s.s.w.a.AnonymousAuthenticationFilter - Set SecurityContextHolder to anonymous SecurityContext
22:47:40.471 [http-nio-8082-exec-4] DEBUG o.s.security.web.FilterChainProxy - Secured GET /swagger-ui/swagger-ui.css
22:47:40.471 [http-nio-8082-exec-8] DEBUG o.s.s.w.s.SessionManagementFilter - Request requested invalid session id FA92B1F68AD9A78844E3F7C17F8C6A9E
22:47:40.471 [http-nio-8082-exec-8] DEBUG o.s.security.web.FilterChainProxy - Secured GET /swagger-ui/swagger-initializer.js
22:47:40.471 [http-nio-8082-exec-6] DEBUG o.s.security.web.FilterChainProxy - Securing GET /swagger-ui/swagger-ui-standalone-preset.js
22:47:40.471 [http-nio-8082-exec-7] DEBUG o.s.s.w.a.AnonymousAuthenticationFilter - Set SecurityContextHolder to anonymous SecurityContext
22:47:40.471 [http-nio-8082-exec-5] DEBUG o.s.security.web.FilterChainProxy - Securing GET /swagger-ui/index.css
22:47:40.472 [http-nio-8082-exec-7] DEBUG o.s.s.w.s.SessionManagementFilter - Request requested invalid session id FA92B1F68AD9A78844E3F7C17F8C6A9E
22:47:40.472 [http-nio-8082-exec-7] DEBUG o.s.security.web.FilterChainProxy - Secured GET /swagger-ui/swagger-ui-bundle.js
22:47:40.472 [http-nio-8082-exec-6] DEBUG o.s.s.w.a.AnonymousAuthenticationFilter - Set SecurityContextHolder to anonymous SecurityContext
22:47:40.472 [http-nio-8082-exec-5] DEBUG o.s.s.w.a.AnonymousAuthenticationFilter - Set SecurityContextHolder to anonymous SecurityContext
22:47:40.472 [http-nio-8082-exec-6] DEBUG o.s.s.w.s.SessionManagementFilter - Request requested invalid session id FA92B1F68AD9A78844E3F7C17F8C6A9E
22:47:40.472 [http-nio-8082-exec-5] DEBUG o.s.s.w.s.SessionManagementFilter - Request requested invalid session id FA92B1F68AD9A78844E3F7C17F8C6A9E
22:47:40.472 [http-nio-8082-exec-5] DEBUG o.s.security.web.FilterChainProxy - Secured GET /swagger-ui/index.css
22:47:40.472 [http-nio-8082-exec-6] DEBUG o.s.security.web.FilterChainProxy - Secured GET /swagger-ui/swagger-ui-standalone-preset.js
22:47:40.592 [http-nio-8082-exec-9] DEBUG o.s.security.web.FilterChainProxy - Securing GET /v3/api-docs/swagger-config
22:47:40.592 [http-nio-8082-exec-9] DEBUG o.s.s.w.a.AnonymousAuthenticationFilter - Set SecurityContextHolder to anonymous SecurityContext
22:47:40.593 [http-nio-8082-exec-9] DEBUG o.s.s.w.s.SessionManagementFilter - Request requested invalid session id FA92B1F68AD9A78844E3F7C17F8C6A9E
22:47:40.593 [http-nio-8082-exec-9] DEBUG o.s.security.web.FilterChainProxy - Secured GET /v3/api-docs/swagger-config
22:47:40.593 [http-nio-8082-exec-10] DEBUG o.s.security.web.FilterChainProxy - Securing GET /swagger-ui/favicon-32x32.png
22:47:40.594 [http-nio-8082-exec-10] DEBUG o.s.s.w.a.AnonymousAuthenticationFilter - Set SecurityContextHolder to anonymous SecurityContext
22:47:40.594 [http-nio-8082-exec-10] DEBUG o.s.s.w.s.SessionManagementFilter - Request requested invalid session id FA92B1F68AD9A78844E3F7C17F8C6A9E
22:47:40.594 [http-nio-8082-exec-10] DEBUG o.s.security.web.FilterChainProxy - Secured GET /swagger-ui/favicon-32x32.png
22:47:40.615 [http-nio-8082-exec-1] DEBUG o.s.security.web.FilterChainProxy - Securing GET /v3/api-docs
22:47:40.615 [http-nio-8082-exec-1] DEBUG o.s.s.w.a.AnonymousAuthenticationFilter - Set SecurityContextHolder to anonymous SecurityContext
22:47:40.615 [http-nio-8082-exec-1] DEBUG o.s.s.w.s.SessionManagementFilter - Request requested invalid session id FA92B1F68AD9A78844E3F7C17F8C6A9E
22:47:40.615 [http-nio-8082-exec-1] DEBUG o.s.security.web.FilterChainProxy - Secured GET /v3/api-docs
22:47:40.779 [http-nio-8082-exec-1] INFO  o.s.api.AbstractOpenApiResource - Init duration for springdoc-openapi is: 152 ms
23:01:40.487 [http-nio-8082-exec-6] DEBUG o.s.security.web.FilterChainProxy - Securing GET /swagger-ui/index.html
23:01:40.489 [http-nio-8082-exec-6] DEBUG o.s.s.w.a.AnonymousAuthenticationFilter - Set SecurityContextHolder to anonymous SecurityContext
23:01:40.489 [http-nio-8082-exec-6] DEBUG o.s.s.w.s.SessionManagementFilter - Request requested invalid session id FA92B1F68AD9A78844E3F7C17F8C6A9E
23:01:40.489 [http-nio-8082-exec-6] DEBUG o.s.security.web.FilterChainProxy - Secured GET /swagger-ui/index.html
23:01:40.502 [http-nio-8082-exec-8] DEBUG o.s.security.web.FilterChainProxy - Securing GET /swagger-ui/swagger-initializer.js
23:01:40.502 [http-nio-8082-exec-1] DEBUG o.s.security.web.FilterChainProxy - Securing GET /swagger-ui/swagger-ui-standalone-preset.js
23:01:40.503 [http-nio-8082-exec-7] DEBUG o.s.security.web.FilterChainProxy - Securing GET /swagger-ui/swagger-ui.css
23:01:40.503 [http-nio-8082-exec-10] DEBUG o.s.security.web.FilterChainProxy - Securing GET /swagger-ui/swagger-ui-bundle.js
23:01:40.503 [http-nio-8082-exec-9] DEBUG o.s.security.web.FilterChainProxy - Securing GET /swagger-ui/index.css
23:01:40.503 [http-nio-8082-exec-7] DEBUG o.s.s.w.a.AnonymousAuthenticationFilter - Set SecurityContextHolder to anonymous SecurityContext
23:01:40.503 [http-nio-8082-exec-1] DEBUG o.s.s.w.a.AnonymousAuthenticationFilter - Set SecurityContextHolder to anonymous SecurityContext
23:01:40.503 [http-nio-8082-exec-1] DEBUG o.s.s.w.s.SessionManagementFilter - Request requested invalid session id FA92B1F68AD9A78844E3F7C17F8C6A9E
23:01:40.503 [http-nio-8082-exec-8] DEBUG o.s.s.w.a.AnonymousAuthenticationFilter - Set SecurityContextHolder to anonymous SecurityContext
23:01:40.503 [http-nio-8082-exec-10] DEBUG o.s.s.w.a.AnonymousAuthenticationFilter - Set SecurityContextHolder to anonymous SecurityContext
23:01:40.503 [http-nio-8082-exec-9] DEBUG o.s.s.w.a.AnonymousAuthenticationFilter - Set SecurityContextHolder to anonymous SecurityContext
23:01:40.503 [http-nio-8082-exec-7] DEBUG o.s.s.w.s.SessionManagementFilter - Request requested invalid session id FA92B1F68AD9A78844E3F7C17F8C6A9E
23:01:40.503 [http-nio-8082-exec-8] DEBUG o.s.s.w.s.SessionManagementFilter - Request requested invalid session id FA92B1F68AD9A78844E3F7C17F8C6A9E
23:01:40.503 [http-nio-8082-exec-10] DEBUG o.s.s.w.s.SessionManagementFilter - Request requested invalid session id FA92B1F68AD9A78844E3F7C17F8C6A9E
23:01:40.503 [http-nio-8082-exec-7] DEBUG o.s.security.web.FilterChainProxy - Secured GET /swagger-ui/swagger-ui.css
23:01:40.503 [http-nio-8082-exec-10] DEBUG o.s.security.web.FilterChainProxy - Secured GET /swagger-ui/swagger-ui-bundle.js
23:01:40.503 [http-nio-8082-exec-9] DEBUG o.s.s.w.s.SessionManagementFilter - Request requested invalid session id FA92B1F68AD9A78844E3F7C17F8C6A9E
23:01:40.503 [http-nio-8082-exec-8] DEBUG o.s.security.web.FilterChainProxy - Secured GET /swagger-ui/swagger-initializer.js
23:01:40.503 [http-nio-8082-exec-9] DEBUG o.s.security.web.FilterChainProxy - Secured GET /swagger-ui/index.css
23:01:40.503 [http-nio-8082-exec-1] DEBUG o.s.security.web.FilterChainProxy - Secured GET /swagger-ui/swagger-ui-standalone-preset.js
23:01:40.568 [http-nio-8082-exec-3] DEBUG o.s.security.web.FilterChainProxy - Securing GET /v3/api-docs/swagger-config
23:01:40.568 [http-nio-8082-exec-5] DEBUG o.s.security.web.FilterChainProxy - Securing GET /swagger-ui/favicon-32x32.png
23:01:40.569 [http-nio-8082-exec-5] DEBUG o.s.s.w.a.AnonymousAuthenticationFilter - Set SecurityContextHolder to anonymous SecurityContext
23:01:40.569 [http-nio-8082-exec-3] DEBUG o.s.s.w.a.AnonymousAuthenticationFilter - Set SecurityContextHolder to anonymous SecurityContext
23:01:40.569 [http-nio-8082-exec-5] DEBUG o.s.s.w.s.SessionManagementFilter - Request requested invalid session id FA92B1F68AD9A78844E3F7C17F8C6A9E
23:01:40.569 [http-nio-8082-exec-3] DEBUG o.s.s.w.s.SessionManagementFilter - Request requested invalid session id FA92B1F68AD9A78844E3F7C17F8C6A9E
23:01:40.569 [http-nio-8082-exec-3] DEBUG o.s.security.web.FilterChainProxy - Secured GET /v3/api-docs/swagger-config
23:01:40.569 [http-nio-8082-exec-5] DEBUG o.s.security.web.FilterChainProxy - Secured GET /swagger-ui/favicon-32x32.png
23:01:40.580 [http-nio-8082-exec-4] DEBUG o.s.security.web.FilterChainProxy - Securing GET /v3/api-docs
23:01:40.581 [http-nio-8082-exec-2] DEBUG o.s.security.web.FilterChainProxy - Securing GET /swagger-ui/favicon-32x32.png
23:01:40.581 [http-nio-8082-exec-4] DEBUG o.s.s.w.a.AnonymousAuthenticationFilter - Set SecurityContextHolder to anonymous SecurityContext
23:01:40.581 [http-nio-8082-exec-2] DEBUG o.s.s.w.a.AnonymousAuthenticationFilter - Set SecurityContextHolder to anonymous SecurityContext
23:01:40.581 [http-nio-8082-exec-4] DEBUG o.s.s.w.s.SessionManagementFilter - Request requested invalid session id FA92B1F68AD9A78844E3F7C17F8C6A9E
23:01:40.581 [http-nio-8082-exec-2] DEBUG o.s.s.w.s.SessionManagementFilter - Request requested invalid session id FA92B1F68AD9A78844E3F7C17F8C6A9E
23:01:40.581 [http-nio-8082-exec-2] DEBUG o.s.security.web.FilterChainProxy - Secured GET /swagger-ui/favicon-32x32.png
23:01:40.581 [http-nio-8082-exec-4] DEBUG o.s.security.web.FilterChainProxy - Secured GET /v3/api-docs
23:07:08.434 [SpringApplicationShutdownHook] INFO  o.s.o.j.LocalContainerEntityManagerFactoryBean - Closing JPA EntityManagerFactory for persistence unit 'default'
23:07:08.438 [SpringApplicationShutdownHook] INFO  com.zaxxer.hikari.HikariDataSource - HikariPool-1 - Shutdown initiated...
23:07:08.444 [SpringApplicationShutdownHook] INFO  com.zaxxer.hikari.HikariDataSource - HikariPool-1 - Shutdown completed.
