
  .   ____          _            __ _ _
 /\\ / ___'_ __ _ _(_)_ __  __ _ \ \ \ \
( ( )\___ | '_ | '_| | '_ \/ _` | \ \ \ \
 \\/  ___)| |_)| | | | | || (_| |  ) ) ) )
  '  |____| .__|_| |_|_| |_\__, | / / / /
 =========|_|==============|___/=/_/_/_/
[32m :: Spring Boot :: [39m              [2m (v3.2.1)[0;39m

[2m2026-01-18T14:49:59.131+05:30[0;39m [32m INFO[0;39m [35m50683[0;39m [2m---[0;39m [2m[notification-service] [           main][0;39m [2m[0;39m[36mc.c.n.NotificationServiceApplication    [0;39m [2m:[0;39m Starting NotificationServiceApplication using Java 23.0.2 with PID 50683 (/Users/shubhamgaigawale/monkdevs_workflow/backend/notification-service/target/notification-service-1.0.0.jar started by shubhamgaigawale in /Users/shubhamgaigawale/monkdevs_workflow/backend/notification-service)
[2m2026-01-18T14:49:59.132+05:30[0;39m [32mDEBUG[0;39m [35m50683[0;39m [2m---[0;39m [2m[notification-service] [           main][0;39m [2m[0;39m[36mc.c.n.NotificationServiceApplication    [0;39m [2m:[0;39m Running with Spring Boot v3.2.1, Spring v6.1.2
[2m2026-01-18T14:49:59.133+05:30[0;39m [32m INFO[0;39m [35m50683[0;39m [2m---[0;39m [2m[notification-service] [           main][0;39m [2m[0;39m[36mc.c.n.NotificationServiceApplication    [0;39m [2m:[0;39m No active profile set, falling back to 1 default profile: "default"
[2m2026-01-18T14:49:59.754+05:30[0;39m [32m INFO[0;39m [35m50683[0;39m [2m---[0;39m [2m[notification-service] [           main][0;39m [2m[0;39m[36m.s.d.r.c.RepositoryConfigurationDelegate[0;39m [2m:[0;39m Multiple Spring Data modules found, entering strict repository configuration mode
[2m2026-01-18T14:49:59.755+05:30[0;39m [32m INFO[0;39m [35m50683[0;39m [2m---[0;39m [2m[notification-service] [           main][0;39m [2m[0;39m[36m.s.d.r.c.RepositoryConfigurationDelegate[0;39m [2m:[0;39m Bootstrapping Spring Data JPA repositories in DEFAULT mode.
[2m2026-01-18T14:49:59.836+05:30[0;39m [32m INFO[0;39m [35m50683[0;39m [2m---[0;39m [2m[notification-service] [           main][0;39m [2m[0;39m[36m.s.d.r.c.RepositoryConfigurationDelegate[0;39m [2m:[0;39m Finished Spring Data repository scanning in 76 ms. Found 1 JPA repository interface.
[2m2026-01-18T14:49:59.846+05:30[0;39m [32m INFO[0;39m [35m50683[0;39m [2m---[0;39m [2m[notification-service] [           main][0;39m [2m[0;39m[36m.s.d.r.c.RepositoryConfigurationDelegate[0;39m [2m:[0;39m Multiple Spring Data modules found, entering strict repository configuration mode
[2m2026-01-18T14:49:59.847+05:30[0;39m [32m INFO[0;39m [35m50683[0;39m [2m---[0;39m [2m[notification-service] [           main][0;39m [2m[0;39m[36m.s.d.r.c.RepositoryConfigurationDelegate[0;39m [2m:[0;39m Bootstrapping Spring Data Redis repositories in DEFAULT mode.
[2m2026-01-18T14:49:59.853+05:30[0;39m [32m INFO[0;39m [35m50683[0;39m [2m---[0;39m [2m[notification-service] [           main][0;39m [2m[0;39m[36m.RepositoryConfigurationExtensionSupport[0;39m [2m:[0;39m Spring Data Redis - Could not safely identify store assignment for repository candidate interface com.crm.notificationservice.repository.NotificationRepository; If you want this repository to be a Redis repository, consider annotating your entities with one of these annotations: org.springframework.data.redis.core.RedisHash (preferred), or consider extending one of the following types with your repository: org.springframework.data.keyvalue.repository.KeyValueRepository
[2m2026-01-18T14:49:59.854+05:30[0;39m [32m INFO[0;39m [35m50683[0;39m [2m---[0;39m [2m[notification-service] [           main][0;39m [2m[0;39m[36m.s.d.r.c.RepositoryConfigurationDelegate[0;39m [2m:[0;39m Finished Spring Data repository scanning in 3 ms. Found 0 Redis repository interfaces.
[2m2026-01-18T14:50:00.267+05:30[0;39m [32m INFO[0;39m [35m50683[0;39m [2m---[0;39m [2m[notification-service] [           main][0;39m [2m[0;39m[36mo.s.b.w.embedded.tomcat.TomcatWebServer [0;39m [2m:[0;39m Tomcat initialized with port 8087 (http)
[2m2026-01-18T14:50:00.273+05:30[0;39m [32m INFO[0;39m [35m50683[0;39m [2m---[0;39m [2m[notification-service] [           main][0;39m [2m[0;39m[36mo.apache.catalina.core.StandardService  [0;39m [2m:[0;39m Starting service [Tomcat]
[2m2026-01-18T14:50:00.273+05:30[0;39m [32m INFO[0;39m [35m50683[0;39m [2m---[0;39m [2m[notification-service] [           main][0;39m [2m[0;39m[36mo.apache.catalina.core.StandardEngine   [0;39m [2m:[0;39m Starting Servlet engine: [Apache Tomcat/10.1.17]
[2m2026-01-18T14:50:00.290+05:30[0;39m [32m INFO[0;39m [35m50683[0;39m [2m---[0;39m [2m[notification-service] [           main][0;39m [2m[0;39m[36mo.a.c.c.C.[Tomcat].[localhost].[/]      [0;39m [2m:[0;39m Initializing Spring embedded WebApplicationContext
[2m2026-01-18T14:50:00.290+05:30[0;39m [32m INFO[0;39m [35m50683[0;39m [2m---[0;39m [2m[notification-service] [           main][0;39m [2m[0;39m[36mw.s.c.ServletWebServerApplicationContext[0;39m [2m:[0;39m Root WebApplicationContext: initialization completed in 1103 ms
[2m2026-01-18T14:50:00.448+05:30[0;39m [32m INFO[0;39m [35m50683[0;39m [2m---[0;39m [2m[notification-service] [           main][0;39m [2m[0;39m[36mo.f.c.i.s.classpath.ClassPathScanner    [0;39m [2m:[0;39m Flyway OSS Edition 10.4.1 by Redgate
[2m2026-01-18T14:50:00.448+05:30[0;39m [32m INFO[0;39m [35m50683[0;39m [2m---[0;39m [2m[notification-service] [           main][0;39m [2m[0;39m[36mo.f.c.i.s.classpath.ClassPathScanner    [0;39m [2m:[0;39m 
[2m2026-01-18T14:50:00.448+05:30[0;39m [32m INFO[0;39m [35m50683[0;39m [2m---[0;39m [2m[notification-service] [           main][0;39m [2m[0;39m[36mo.f.c.i.s.classpath.ClassPathScanner    [0;39m [2m:[0;39m See release notes here: https://rd.gt/416ObMi
[2m2026-01-18T14:50:00.452+05:30[0;39m [32m INFO[0;39m [35m50683[0;39m [2m---[0;39m [2m[notification-service] [           main][0;39m [2m[0;39m[36mcom.zaxxer.hikari.HikariDataSource      [0;39m [2m:[0;39m HikariPool-1 - Starting...
[2m2026-01-18T14:50:00.528+05:30[0;39m [32m INFO[0;39m [35m50683[0;39m [2m---[0;39m [2m[notification-service] [           main][0;39m [2m[0;39m[36mcom.zaxxer.hikari.pool.HikariPool       [0;39m [2m:[0;39m HikariPool-1 - Added connection org.postgresql.jdbc.PgConnection@21527b8
[2m2026-01-18T14:50:00.529+05:30[0;39m [32m INFO[0;39m [35m50683[0;39m [2m---[0;39m [2m[notification-service] [           main][0;39m [2m[0;39m[36mcom.zaxxer.hikari.HikariDataSource      [0;39m [2m:[0;39m HikariPool-1 - Start completed.
[2m2026-01-18T14:50:00.545+05:30[0;39m [32m INFO[0;39m [35m50683[0;39m [2m---[0;39m [2m[notification-service] [           main][0;39m [2m[0;39m[36morg.flywaydb.core.FlywayExecutor        [0;39m [2m:[0;39m Database: jdbc:postgresql://localhost:5432/crm_db (PostgreSQL 14.17)
[2m2026-01-18T14:50:00.576+05:30[0;39m [32m INFO[0;39m [35m50683[0;39m [2m---[0;39m [2m[notification-service] [           main][0;39m [2m[0;39m[36mo.f.core.internal.command.DbValidate    [0;39m [2m:[0;39m Successfully validated 1 migration (execution time 00:00.016s)
[2m2026-01-18T14:50:00.588+05:30[0;39m [32m INFO[0;39m [35m50683[0;39m [2m---[0;39m [2m[notification-service] [           main][0;39m [2m[0;39m[36mo.f.core.internal.command.DbMigrate     [0;39m [2m:[0;39m Current version of schema "public": null
[2m2026-01-18T14:50:00.589+05:30[0;39m [32m INFO[0;39m [35m50683[0;39m [2m---[0;39m [2m[notification-service] [           main][0;39m [2m[0;39m[36mo.f.core.internal.command.DbMigrate     [0;39m [2m:[0;39m Schema "public" is up to date. No migration necessary.
[2m2026-01-18T14:50:00.635+05:30[0;39m [32m INFO[0;39m [35m50683[0;39m [2m---[0;39m [2m[notification-service] [           main][0;39m [2m[0;39m[36mo.hibernate.jpa.internal.util.LogHelper [0;39m [2m:[0;39m HHH000204: Processing PersistenceUnitInfo [name: default]
[2m2026-01-18T14:50:00.662+05:30[0;39m [32m INFO[0;39m [35m50683[0;39m [2m---[0;39m [2m[notification-service] [           main][0;39m [2m[0;39m[36morg.hibernate.Version                   [0;39m [2m:[0;39m HHH000412: Hibernate ORM core version 6.4.1.Final
[2m2026-01-18T14:50:00.677+05:30[0;39m [32m INFO[0;39m [35m50683[0;39m [2m---[0;39m [2m[notification-service] [           main][0;39m [2m[0;39m[36mo.h.c.internal.RegionFactoryInitiator   [0;39m [2m:[0;39m HHH000026: Second-level cache disabled
[2m2026-01-18T14:50:00.785+05:30[0;39m [32m INFO[0;39m [35m50683[0;39m [2m---[0;39m [2m[notification-service] [           main][0;39m [2m[0;39m[36mo.s.o.j.p.SpringPersistenceUnitInfo     [0;39m [2m:[0;39m No LoadTimeWeaver setup: ignoring JPA class transformer
[2m2026-01-18T14:50:00.813+05:30[0;39m [33m WARN[0;39m [35m50683[0;39m [2m---[0;39m [2m[notification-service] [           main][0;39m [2m[0;39m[36morg.hibernate.orm.deprecation           [0;39m [2m:[0;39m HHH90000025: PostgreSQLDialect does not need to be specified explicitly using 'hibernate.dialect' (remove the property setting and it will be selected by default)
[2m2026-01-18T14:50:01.202+05:30[0;39m [32m INFO[0;39m [35m50683[0;39m [2m---[0;39m [2m[notification-service] [           main][0;39m [2m[0;39m[36mo.h.e.t.j.p.i.JtaPlatformInitiator      [0;39m [2m:[0;39m HHH000489: No JTA platform available (set 'hibernate.transaction.jta.platform' to enable JTA platform integration)
[2m2026-01-18T14:50:01.231+05:30[0;39m [32m INFO[0;39m [35m50683[0;39m [2m---[0;39m [2m[notification-service] [           main][0;39m [2m[0;39m[36mj.LocalContainerEntityManagerFactoryBean[0;39m [2m:[0;39m Initialized JPA EntityManagerFactory for persistence unit 'default'
[2m2026-01-18T14:50:01.643+05:30[0;39m [33m WARN[0;39m [35m50683[0;39m [2m---[0;39m [2m[notification-service] [           main][0;39m [2m[0;39m[36mJpaBaseConfiguration$JpaWebConfiguration[0;39m [2m:[0;39m spring.jpa.open-in-view is enabled by default. Therefore, database queries may be performed during view rendering. Explicitly configure spring.jpa.open-in-view to disable this warning
[2m2026-01-18T14:50:01.657+05:30[0;39m [33m WARN[0;39m [35m50683[0;39m [2m---[0;39m [2m[notification-service] [           main][0;39m [2m[0;39m[36m.s.s.UserDetailsServiceAutoConfiguration[0;39m [2m:[0;39m 

Using generated security password: 653f6988-7937-47d1-bfee-c1e749bb1b07

This generated password is for development use only. Your security configuration must be updated before running your application in production.

[2m2026-01-18T14:50:01.803+05:30[0;39m [32m INFO[0;39m [35m50683[0;39m [2m---[0;39m [2m[notification-service] [           main][0;39m [2m[0;39m[36mo.s.s.web.DefaultSecurityFilterChain    [0;39m [2m:[0;39m Will secure any request with [org.springframework.security.web.session.DisableEncodeUrlFilter@1150b923, org.springframework.security.web.context.request.async.WebAsyncManagerIntegrationFilter@54c2cfc9, org.springframework.security.web.context.SecurityContextHolderFilter@4caca86d, org.springframework.security.web.header.HeaderWriterFilter@5b3427c4, org.springframework.web.filter.CorsFilter@3d9dc84d, org.springframework.security.web.authentication.logout.LogoutFilter@524945e2, com.crm.common.security.filter.JwtAuthenticationFilter@350da119, org.springframework.security.web.savedrequest.RequestCacheAwareFilter@16a3d9a7, org.springframework.security.web.servletapi.SecurityContextHolderAwareRequestFilter@24c94e95, org.springframework.security.web.authentication.AnonymousAuthenticationFilter@73625632, org.springframework.security.web.session.SessionManagementFilter@5e6b2641, org.springframework.security.web.access.ExceptionTranslationFilter@28ab7ffb, org.springframework.security.web.access.intercept.AuthorizationFilter@200cbb63]
[2m2026-01-18T14:50:01.878+05:30[0;39m [33m WARN[0;39m [35m50683[0;39m [2m---[0;39m [2m[notification-service] [           main][0;39m [2m[0;39m[36mion$DefaultTemplateResolverConfiguration[0;39m [2m:[0;39m Cannot find template location: classpath:/templates/ (please add some templates, check your Thymeleaf configuration, or set spring.thymeleaf.check-template-location=false)
[2m2026-01-18T14:50:02.019+05:30[0;39m [32m INFO[0;39m [35m50683[0;39m [2m---[0;39m [2m[notification-service] [           main][0;39m [2m[0;39m[36mo.s.b.w.embedded.tomcat.TomcatWebServer [0;39m [2m:[0;39m Tomcat started on port 8087 (http) with context path ''
[2m2026-01-18T14:50:02.025+05:30[0;39m [32m INFO[0;39m [35m50683[0;39m [2m---[0;39m [2m[notification-service] [           main][0;39m [2m[0;39m[36mc.c.n.NotificationServiceApplication    [0;39m [2m:[0;39m Started NotificationServiceApplication in 3.106 seconds (process running for 3.368)
[2m2026-01-18T15:12:23.873+05:30[0;39m [33m WARN[0;39m [35m50683[0;39m [2m---[0;39m [2m[notification-service] [l-1 housekeeper][0;39m [2m[0;39m[36mcom.zaxxer.hikari.pool.HikariPool       [0;39m [2m:[0;39m HikariPool-1 - Thread starvation or clock leap detected (housekeeper delta=13m23s170ms).
[2m2026-01-18T16:02:55.849+05:30[0;39m [33m WARN[0;39m [35m50683[0;39m [2m---[0;39m [2m[notification-service] [l-1 housekeeper][0;39m [2m[0;39m[36mcom.zaxxer.hikari.pool.HikariPool       [0;39m [2m:[0;39m HikariPool-1 - Thread starvation or clock leap detected (housekeeper delta=50m1s973ms).
[2m2026-01-18T16:12:25.211+05:30[0;39m [33m WARN[0;39m [35m50683[0;39m [2m---[0;39m [2m[notification-service] [l-1 housekeeper][0;39m [2m[0;39m[36mcom.zaxxer.hikari.pool.HikariPool       [0;39m [2m:[0;39m HikariPool-1 - Thread starvation or clock leap detected (housekeeper delta=8m59s358ms).
[2m2026-01-18T16:35:55.797+05:30[0;39m [33m WARN[0;39m [35m50683[0;39m [2m---[0;39m [2m[notification-service] [l-1 housekeeper][0;39m [2m[0;39m[36mcom.zaxxer.hikari.pool.HikariPool       [0;39m [2m:[0;39m HikariPool-1 - Thread starvation or clock leap detected (housekeeper delta=23m30s586ms).
[2m2026-01-18T17:00:34.459+05:30[0;39m [33m WARN[0;39m [35m50683[0;39m [2m---[0;39m [2m[notification-service] [l-1 housekeeper][0;39m [2m[0;39m[36mcom.zaxxer.hikari.pool.HikariPool       [0;39m [2m:[0;39m HikariPool-1 - Thread starvation or clock leap detected (housekeeper delta=24m8s653ms).
[2m2026-01-18T17:12:25.153+05:30[0;39m [33m WARN[0;39m [35m50683[0;39m [2m---[0;39m [2m[notification-service] [l-1 housekeeper][0;39m [2m[0;39m[36mcom.zaxxer.hikari.pool.HikariPool       [0;39m [2m:[0;39m HikariPool-1 - Thread starvation or clock leap detected (housekeeper delta=11m50s694ms).
[2m2026-01-18T18:01:36.131+05:30[0;39m [33m WARN[0;39m [35m50683[0;39m [2m---[0;39m [2m[notification-service] [l-1 housekeeper][0;39m [2m[0;39m[36mcom.zaxxer.hikari.pool.HikariPool       [0;39m [2m:[0;39m HikariPool-1 - Thread starvation or clock leap detected (housekeeper delta=48m40s967ms).
[2m2026-01-18T18:10:24.640+05:30[0;39m [33m WARN[0;39m [35m50683[0;39m [2m---[0;39m [2m[notification-service] [l-1 housekeeper][0;39m [2m[0;39m[36mcom.zaxxer.hikari.pool.HikariPool       [0;39m [2m:[0;39m HikariPool-1 - Thread starvation or clock leap detected (housekeeper delta=8m48s509ms).
[2m2026-01-18T18:29:57.221+05:30[0;39m [33m WARN[0;39m [35m50683[0;39m [2m---[0;39m [2m[notification-service] [l-1 housekeeper][0;39m [2m[0;39m[36mcom.zaxxer.hikari.pool.HikariPool       [0;39m [2m:[0;39m HikariPool-1 - Thread starvation or clock leap detected (housekeeper delta=19m2s573ms).
[2m2026-01-18T18:49:06.616+05:30[0;39m [33m WARN[0;39m [35m50683[0;39m [2m---[0;39m [2m[notification-service] [l-1 housekeeper][0;39m [2m[0;39m[36mcom.zaxxer.hikari.pool.HikariPool       [0;39m [2m:[0;39m HikariPool-1 - Thread starvation or clock leap detected (housekeeper delta=19m9s395ms).
[2m2026-01-18T19:58:53.284+05:30[0;39m [33m WARN[0;39m [35m50683[0;39m [2m---[0;39m [2m[notification-service] [l-1 housekeeper][0;39m [2m[0;39m[36mcom.zaxxer.hikari.pool.HikariPool       [0;39m [2m:[0;39m HikariPool-1 - Thread starvation or clock leap detected (housekeeper delta=46s120ms).
[2m2026-01-18T20:47:26.753+05:30[0;39m [33m WARN[0;39m [35m50683[0;39m [2m---[0;39m [2m[notification-service] [l-1 housekeeper][0;39m [2m[0;39m[36mcom.zaxxer.hikari.pool.HikariPool       [0;39m [2m:[0;39m HikariPool-1 - Thread starvation or clock leap detected (housekeeper delta=17m33s216ms).
[2m2026-01-18T21:12:44.975+05:30[0;39m [33m WARN[0;39m [35m50683[0;39m [2m---[0;39m [2m[notification-service] [l-1 housekeeper][0;39m [2m[0;39m[36mcom.zaxxer.hikari.pool.HikariPool       [0;39m [2m:[0;39m HikariPool-1 - Thread starvation or clock leap detected (housekeeper delta=25m18s222ms).
[2m2026-01-18T21:28:04.910+05:30[0;39m [33m WARN[0;39m [35m50683[0;39m [2m---[0;39m [2m[notification-service] [l-1 housekeeper][0;39m [2m[0;39m[36mcom.zaxxer.hikari.pool.HikariPool       [0;39m [2m:[0;39m HikariPool-1 - Thread starvation or clock leap detected (housekeeper delta=15m19s936ms).
[2m2026-01-18T22:09:22.701+05:30[0;39m [33m WARN[0;39m [35m50683[0;39m [2m---[0;39m [2m[notification-service] [l-1 housekeeper][0;39m [2m[0;39m[36mcom.zaxxer.hikari.pool.HikariPool       [0;39m [2m:[0;39m HikariPool-1 - Thread starvation or clock leap detected (housekeeper delta=40m47s779ms).
[2m2026-01-18T22:57:08.471+05:30[0;39m [33m WARN[0;39m [35m50683[0;39m [2m---[0;39m [2m[notification-service] [l-1 housekeeper][0;39m [2m[0;39m[36mcom.zaxxer.hikari.pool.HikariPool       [0;39m [2m:[0;39m HikariPool-1 - Thread starvation or clock leap detected (housekeeper delta=11m45s506ms).
[2m2026-01-18T22:58:35.387+05:30[0;39m [33m WARN[0;39m [35m50683[0;39m [2m---[0;39m [2m[notification-service] [l-1 housekeeper][0;39m [2m[0;39m[36mcom.zaxxer.hikari.pool.HikariPool       [0;39m [2m:[0;39m HikariPool-1 - Thread starvation or clock leap detected (housekeeper delta=1m26s916ms).
[2m2026-01-18T23:09:00.074+05:30[0;39m [33m WARN[0;39m [35m50683[0;39m [2m---[0;39m [2m[notification-service] [l-1 housekeeper][0;39m [2m[0;39m[36mcom.zaxxer.hikari.pool.HikariPool       [0;39m [2m:[0;39m HikariPool-1 - Thread starvation or clock leap detected (housekeeper delta=10m24s687ms).
[2m2026-01-18T23:12:29.895+05:30[0;39m [33m WARN[0;39m [35m50683[0;39m [2m---[0;39m [2m[notification-service] [l-1 housekeeper][0;39m [2m[0;39m[36mcom.zaxxer.hikari.pool.HikariPool       [0;39m [2m:[0;39m HikariPool-1 - Thread starvation or clock leap detected (housekeeper delta=3m29s821ms).
[2m2026-01-18T23:20:49.378+05:30[0;39m [33m WARN[0;39m [35m50683[0;39m [2m---[0;39m [2m[notification-service] [l-1 housekeeper][0;39m [2m[0;39m[36mcom.zaxxer.hikari.pool.HikariPool       [0;39m [2m:[0;39m HikariPool-1 - Thread starvation or clock leap detected (housekeeper delta=8m19s483ms).
[2m2026-01-18T23:22:15.903+05:30[0;39m [33m WARN[0;39m [35m50683[0;39m [2m---[0;39m [2m[notification-service] [l-1 housekeeper][0;39m [2m[0;39m[36mcom.zaxxer.hikari.pool.HikariPool       [0;39m [2m:[0;39m HikariPool-1 - Thread starvation or clock leap detected (housekeeper delta=1m26s524ms).
[2m2026-01-19T00:17:41.603+05:30[0;39m [33m WARN[0;39m [35m50683[0;39m [2m---[0;39m [2m[notification-service] [l-1 housekeeper][0;39m [2m[0;39m[36mcom.zaxxer.hikari.pool.HikariPool       [0;39m [2m:[0;39m HikariPool-1 - Thread starvation or clock leap detected (housekeeper delta=2m25s322ms).
[2m2026-01-19T00:22:15.853+05:30[0;39m [33m WARN[0;39m [35m50683[0;39m [2m---[0;39m [2m[notification-service] [l-1 housekeeper][0;39m [2m[0;39m[36mcom.zaxxer.hikari.pool.HikariPool       [0;39m [2m:[0;39m HikariPool-1 - Thread starvation or clock leap detected (housekeeper delta=2m56s574ms).
[2m2026-01-19T00:23:08.932+05:30[0;39m [33m WARN[0;39m [35m50683[0;39m [2m---[0;39m [2m[notification-service] [l-1 housekeeper][0;39m [2m[0;39m[36mcom.zaxxer.hikari.pool.HikariPool       [0;39m [2m:[0;39m HikariPool-1 - Thread starvation or clock leap detected (housekeeper delta=53s79ms).
[2m2026-01-19T00:24:58.355+05:30[0;39m [33m WARN[0;39m [35m50683[0;39m [2m---[0;39m [2m[notification-service] [l-1 housekeeper][0;39m [2m[0;39m[36mcom.zaxxer.hikari.pool.HikariPool       [0;39m [2m:[0;39m HikariPool-1 - Thread starvation or clock leap detected (housekeeper delta=1m49s423ms).
[2m2026-01-19T00:43:16.068+05:30[0;39m [33m WARN[0;39m [35m50683[0;39m [2m---[0;39m [2m[notification-service] [l-1 housekeeper][0;39m [2m[0;39m[36mcom.zaxxer.hikari.pool.HikariPool       [0;39m [2m:[0;39m HikariPool-1 - Thread starvation or clock leap detected (housekeeper delta=17m47s704ms).
[2m2026-01-19T00:59:35.343+05:30[0;39m [33m WARN[0;39m [35m50683[0;39m [2m---[0;39m [2m[notification-service] [l-1 housekeeper][0;39m [2m[0;39m[36mcom.zaxxer.hikari.pool.HikariPool       [0;39m [2m:[0;39m HikariPool-1 - Thread starvation or clock leap detected (housekeeper delta=16m19s275ms).
[2m2026-01-19T01:12:48.063+05:30[0;39m [33m WARN[0;39m [35m50683[0;39m [2m---[0;39m [2m[notification-service] [l-1 housekeeper][0;39m [2m[0;39m[36mcom.zaxxer.hikari.pool.HikariPool       [0;39m [2m:[0;39m HikariPool-1 - Thread starvation or clock leap detected (housekeeper delta=13m12s720ms).
[2m2026-01-19T01:45:08.558+05:30[0;39m [33m WARN[0;39m [35m50683[0;39m [2m---[0;39m [2m[notification-service] [l-1 housekeeper][0;39m [2m[0;39m[36mcom.zaxxer.hikari.pool.HikariPool       [0;39m [2m:[0;39m HikariPool-1 - Thread starvation or clock leap detected (housekeeper delta=32m20s495ms).
[2m2026-01-19T02:12:37.893+05:30[0;39m [33m WARN[0;39m [35m50683[0;39m [2m---[0;39m [2m[notification-service] [l-1 housekeeper][0;39m [2m[0;39m[36mcom.zaxxer.hikari.pool.HikariPool       [0;39m [2m:[0;39m HikariPool-1 - Thread starvation or clock leap detected (housekeeper delta=27m29s335ms).
[2m2026-01-19T02:23:19.531+05:30[0;39m [33m WARN[0;39m [35m50683[0;39m [2m---[0;39m [2m[notification-service] [l-1 housekeeper][0;39m [2m[0;39m[36mcom.zaxxer.hikari.pool.HikariPool       [0;39m [2m:[0;39m HikariPool-1 - Thread starvation or clock leap detected (housekeeper delta=10m41s638ms).
[2m2026-01-19T02:38:54.210+05:30[0;39m [33m WARN[0;39m [35m50683[0;39m [2m---[0;39m [2m[notification-service] [l-1 housekeeper][0;39m [2m[0;39m[36mcom.zaxxer.hikari.pool.HikariPool       [0;39m [2m:[0;39m HikariPool-1 - Thread starvation or clock leap detected (housekeeper delta=15m34s679ms).
[2m2026-01-19T03:10:10.982+05:30[0;39m [33m WARN[0;39m [35m50683[0;39m [2m---[0;39m [2m[notification-service] [l-1 housekeeper][0;39m [2m[0;39m[36mcom.zaxxer.hikari.pool.HikariPool       [0;39m [2m:[0;39m HikariPool-1 - Thread starvation or clock leap detected (housekeeper delta=31m16s772ms).
[2m2026-01-19T03:12:54.818+05:30[0;39m [33m WARN[0;39m [35m50683[0;39m [2m---[0;39m [2m[notification-service] [l-1 housekeeper][0;39m [2m[0;39m[36mcom.zaxxer.hikari.pool.HikariPool       [0;39m [2m:[0;39m HikariPool-1 - Thread starvation or clock leap detected (housekeeper delta=2m43s836ms).
[2m2026-01-19T03:17:08.825+05:30[0;39m [33m WARN[0;39m [35m50683[0;39m [2m---[0;39m [2m[notification-service] [l-1 housekeeper][0;39m [2m[0;39m[36mcom.zaxxer.hikari.pool.HikariPool       [0;39m [2m:[0;39m HikariPool-1 - Thread starvation or clock leap detected (housekeeper delta=4m14s7ms).
[2m2026-01-19T03:23:42.852+05:30[0;39m [33m WARN[0;39m [35m50683[0;39m [2m---[0;39m [2m[notification-service] [l-1 housekeeper][0;39m [2m[0;39m[36mcom.zaxxer.hikari.pool.HikariPool       [0;39m [2m:[0;39m HikariPool-1 - Thread starvation or clock leap detected (housekeeper delta=6m4s16ms).
[2m2026-01-19T03:27:48.227+05:30[0;39m [33m WARN[0;39m [35m50683[0;39m [2m---[0;39m [2m[notification-service] [l-1 housekeeper][0;39m [2m[0;39m[36mcom.zaxxer.hikari.pool.HikariPool       [0;39m [2m:[0;39m HikariPool-1 - Thread starvation or clock leap detected (housekeeper delta=3m1s643ms).
[2m2026-01-19T03:29:36.399+05:30[0;39m [33m WARN[0;39m [35m50683[0;39m [2m---[0;39m [2m[notification-service] [l-1 housekeeper][0;39m [2m[0;39m[36mcom.zaxxer.hikari.pool.HikariPool       [0;39m [2m:[0;39m HikariPool-1 - Thread starvation or clock leap detected (housekeeper delta=1m48s172ms).
[2m2026-01-19T03:35:20.970+05:30[0;39m [33m WARN[0;39m [35m50683[0;39m [2m---[0;39m [2m[notification-service] [l-1 housekeeper][0;39m [2m[0;39m[36mcom.zaxxer.hikari.pool.HikariPool       [0;39m [2m:[0;39m HikariPool-1 - Thread starvation or clock leap detected (housekeeper delta=5m44s571ms).
[2m2026-01-19T03:38:14.778+05:30[0;39m [33m WARN[0;39m [35m50683[0;39m [2m---[0;39m [2m[notification-service] [l-1 housekeeper][0;39m [2m[0;39m[36mcom.zaxxer.hikari.pool.HikariPool       [0;39m [2m:[0;39m HikariPool-1 - Thread starvation or clock leap detected (housekeeper delta=2m53s808ms).
[2m2026-01-19T03:46:15.927+05:30[0;39m [33m WARN[0;39m [35m50683[0;39m [2m---[0;39m [2m[notification-service] [l-1 housekeeper][0;39m [2m[0;39m[36mcom.zaxxer.hikari.pool.HikariPool       [0;39m [2m:[0;39m HikariPool-1 - Thread starvation or clock leap detected (housekeeper delta=8m1s149ms).
[2m2026-01-19T03:49:39.582+05:30[0;39m [33m WARN[0;39m [35m50683[0;39m [2m---[0;39m [2m[notification-service] [l-1 housekeeper][0;39m [2m[0;39m[36mcom.zaxxer.hikari.pool.HikariPool       [0;39m [2m:[0;39m HikariPool-1 - Thread starvation or clock leap detected (housekeeper delta=3m23s655ms).
[2m2026-01-19T04:12:34.618+05:30[0;39m [33m WARN[0;39m [35m50683[0;39m [2m---[0;39m [2m[notification-service] [l-1 housekeeper][0;39m [2m[0;39m[36mcom.zaxxer.hikari.pool.HikariPool       [0;39m [2m:[0;39m HikariPool-1 - Thread starvation or clock leap detected (housekeeper delta=21m43s386ms).
[2m2026-01-19T04:28:36.269+05:30[0;39m [33m WARN[0;39m [35m50683[0;39m [2m---[0;39m [2m[notification-service] [l-1 housekeeper][0;39m [2m[0;39m[36mcom.zaxxer.hikari.pool.HikariPool       [0;39m [2m:[0;39m HikariPool-1 - Thread starvation or clock leap detected (housekeeper delta=16m1s651ms).
[2m2026-01-19T04:29:21.904+05:30[0;39m [33m WARN[0;39m [35m50683[0;39m [2m---[0;39m [2m[notification-service] [l-1 housekeeper][0;39m [2m[0;39m[36mcom.zaxxer.hikari.pool.HikariPool       [0;39m [2m:[0;39m HikariPool-1 - Thread starvation or clock leap detected (housekeeper delta=45s635ms).
[2m2026-01-19T04:36:17.884+05:30[0;39m [33m WARN[0;39m [35m50683[0;39m [2m---[0;39m [2m[notification-service] [l-1 housekeeper][0;39m [2m[0;39m[36mcom.zaxxer.hikari.pool.HikariPool       [0;39m [2m:[0;39m HikariPool-1 - Thread starvation or clock leap detected (housekeeper delta=6m25s977ms).
[2m2026-01-19T04:37:44.756+05:30[0;39m [33m WARN[0;39m [35m50683[0;39m [2m---[0;39m [2m[notification-service] [l-1 housekeeper][0;39m [2m[0;39m[36mcom.zaxxer.hikari.pool.HikariPool       [0;39m [2m:[0;39m HikariPool-1 - Thread starvation or clock leap detected (housekeeper delta=1m26s872ms).
[2m2026-01-19T04:42:20.182+05:30[0;39m [33m WARN[0;39m [35m50683[0;39m [2m---[0;39m [2m[notification-service] [l-1 housekeeper][0;39m [2m[0;39m[36mcom.zaxxer.hikari.pool.HikariPool       [0;39m [2m:[0;39m HikariPool-1 - Thread starvation or clock leap detected (housekeeper delta=4m35s426ms).
[2m2026-01-19T04:55:20.876+05:30[0;39m [33m WARN[0;39m [35m50683[0;39m [2m---[0;39m [2m[notification-service] [l-1 housekeeper][0;39m [2m[0;39m[36mcom.zaxxer.hikari.pool.HikariPool       [0;39m [2m:[0;39m HikariPool-1 - Thread starvation or clock leap detected (housekeeper delta=13m694ms).
[2m2026-01-19T04:57:01.143+05:30[0;39m [33m WARN[0;39m [35m50683[0;39m [2m---[0;39m [2m[notification-service] [l-1 housekeeper][0;39m [2m[0;39m[36mcom.zaxxer.hikari.pool.HikariPool       [0;39m [2m:[0;39m HikariPool-1 - Thread starvation or clock leap detected (housekeeper delta=1m40s267ms).
[2m2026-01-19T05:12:24.646+05:30[0;39m [33m WARN[0;39m [35m50683[0;39m [2m---[0;39m [2m[notification-service] [l-1 housekeeper][0;39m [2m[0;39m[36mcom.zaxxer.hikari.pool.HikariPool       [0;39m [2m:[0;39m HikariPool-1 - Thread starvation or clock leap detected (housekeeper delta=14m53s494ms).
[2m2026-01-19T05:46:30.819+05:30[0;39m [33m WARN[0;39m [35m50683[0;39m [2m---[0;39m [2m[notification-service] [l-1 housekeeper][0;39m [2m[0;39m[36mcom.zaxxer.hikari.pool.HikariPool       [0;39m [2m:[0;39m HikariPool-1 - Thread starvation or clock leap detected (housekeeper delta=34m6s174ms).
[2m2026-01-19T06:07:01.492+05:30[0;39m [33m WARN[0;39m [35m50683[0;39m [2m---[0;39m [2m[notification-service] [l-1 housekeeper][0;39m [2m[0;39m[36mcom.zaxxer.hikari.pool.HikariPool       [0;39m [2m:[0;39m HikariPool-1 - Thread starvation or clock leap detected (housekeeper delta=20m30s673ms).
[2m2026-01-19T06:09:55.065+05:30[0;39m [33m WARN[0;39m [35m50683[0;39m [2m---[0;39m [2m[notification-service] [l-1 housekeeper][0;39m [2m[0;39m[36mcom.zaxxer.hikari.pool.HikariPool       [0;39m [2m:[0;39m HikariPool-1 - Thread starvation or clock leap detected (housekeeper delta=2m53s573ms).
[2m2026-01-19T06:12:27.951+05:30[0;39m [33m WARN[0;39m [35m50683[0;39m [2m---[0;39m [2m[notification-service] [l-1 housekeeper][0;39m [2m[0;39m[36mcom.zaxxer.hikari.pool.HikariPool       [0;39m [2m:[0;39m HikariPool-1 - Thread starvation or clock leap detected (housekeeper delta=2m2s879ms).
[2m2026-01-19T06:28:11.918+05:30[0;39m [33m WARN[0;39m [35m50683[0;39m [2m---[0;39m [2m[notification-service] [l-1 housekeeper][0;39m [2m[0;39m[36mcom.zaxxer.hikari.pool.HikariPool       [0;39m [2m:[0;39m HikariPool-1 - Thread starvation or clock leap detected (housekeeper delta=15m43s968ms).
[2m2026-01-19T06:41:49.090+05:30[0;39m [33m WARN[0;39m [35m50683[0;39m [2m---[0;39m [2m[notification-service] [l-1 housekeeper][0;39m [2m[0;39m[36mcom.zaxxer.hikari.pool.HikariPool       [0;39m [2m:[0;39m HikariPool-1 - Thread starvation or clock leap detected (housekeeper delta=13m37s172ms).
[2m2026-01-19T06:57:33.840+05:30[0;39m [33m WARN[0;39m [35m50683[0;39m [2m---[0;39m [2m[notification-service] [l-1 housekeeper][0;39m [2m[0;39m[36mcom.zaxxer.hikari.pool.HikariPool       [0;39m [2m:[0;39m HikariPool-1 - Thread starvation or clock leap detected (housekeeper delta=15m44s750ms).
[2m2026-01-19T07:00:51.420+05:30[0;39m [33m WARN[0;39m [35m50683[0;39m [2m---[0;39m [2m[notification-service] [l-1 housekeeper][0;39m [2m[0;39m[36mcom.zaxxer.hikari.pool.HikariPool       [0;39m [2m:[0;39m HikariPool-1 - Thread starvation or clock leap detected (housekeeper delta=3m17s580ms).
[2m2026-01-19T07:02:58.524+05:30[0;39m [33m WARN[0;39m [35m50683[0;39m [2m---[0;39m [2m[notification-service] [l-1 housekeeper][0;39m [2m[0;39m[36mcom.zaxxer.hikari.pool.HikariPool       [0;39m [2m:[0;39m HikariPool-1 - Thread starvation or clock leap detected (housekeeper delta=2m7s104ms).
[2m2026-01-19T07:07:44.922+05:30[0;39m [33m WARN[0;39m [35m50683[0;39m [2m---[0;39m [2m[notification-service] [l-1 housekeeper][0;39m [2m[0;39m[36mcom.zaxxer.hikari.pool.HikariPool       [0;39m [2m:[0;39m HikariPool-1 - Thread starvation or clock leap detected (housekeeper delta=4m46s398ms).
[2m2026-01-19T07:11:44.178+05:30[0;39m [33m WARN[0;39m [35m50683[0;39m [2m---[0;39m [2m[notification-service] [l-1 housekeeper][0;39m [2m[0;39m[36mcom.zaxxer.hikari.pool.HikariPool       [0;39m [2m:[0;39m HikariPool-1 - Thread starvation or clock leap detected (housekeeper delta=3m59s256ms).
[2m2026-01-19T07:15:15.486+05:30[0;39m [33m WARN[0;39m [35m50683[0;39m [2m---[0;39m [2m[notification-service] [l-1 housekeeper][0;39m [2m[0;39m[36mcom.zaxxer.hikari.pool.HikariPool       [0;39m [2m:[0;39m HikariPool-1 - Thread starvation or clock leap detected (housekeeper delta=2m30s669ms).
[2m2026-01-19T07:25:48.148+05:30[0;39m [33m WARN[0;39m [35m50683[0;39m [2m---[0;39m [2m[notification-service] [l-1 housekeeper][0;39m [2m[0;39m[36mcom.zaxxer.hikari.pool.HikariPool       [0;39m [2m:[0;39m HikariPool-1 - Thread starvation or clock leap detected (housekeeper delta=10m32s662ms).
[2m2026-01-19T07:39:55.276+05:30[0;39m [33m WARN[0;39m [35m50683[0;39m [2m---[0;39m [2m[notification-service] [l-1 housekeeper][0;39m [2m[0;39m[36mcom.zaxxer.hikari.pool.HikariPool       [0;39m [2m:[0;39m HikariPool-1 - Thread starvation or clock leap detected (housekeeper delta=13m37s118ms).
[2m2026-01-19T07:56:40.088+05:30[0;39m [33m WARN[0;39m [35m50683[0;39m [2m---[0;39m [2m[notification-service] [l-1 housekeeper][0;39m [2m[0;39m[36mcom.zaxxer.hikari.pool.HikariPool       [0;39m [2m:[0;39m HikariPool-1 - Thread starvation or clock leap detected (housekeeper delta=16m44s812ms).
[2m2026-01-19T08:09:05.873+05:30[0;39m [33m WARN[0;39m [35m50683[0;39m [2m---[0;39m [2m[notification-service] [l-1 housekeeper][0;39m [2m[0;39m[36mcom.zaxxer.hikari.pool.HikariPool       [0;39m [2m:[0;39m HikariPool-1 - Thread starvation or clock leap detected (housekeeper delta=12m25s785ms).
[2m2026-01-19T08:10:16.309+05:30[0;39m [33m WARN[0;39m [35m50683[0;39m [2m---[0;39m [2m[notification-service] [l-1 housekeeper][0;39m [2m[0;39m[36mcom.zaxxer.hikari.pool.HikariPool       [0;39m [2m:[0;39m HikariPool-1 - Thread starvation or clock leap detected (housekeeper delta=1m10s436ms).
[2m2026-01-19T08:11:37.305+05:30[0;39m [33m WARN[0;39m [35m50683[0;39m [2m---[0;39m [2m[notification-service] [l-1 housekeeper][0;39m [2m[0;39m[36mcom.zaxxer.hikari.pool.HikariPool       [0;39m [2m:[0;39m HikariPool-1 - Thread starvation or clock leap detected (housekeeper delta=50s992ms).
[2m2026-01-19T08:14:07.100+05:30[0;39m [33m WARN[0;39m [35m50683[0;39m [2m---[0;39m [2m[notification-service] [l-1 housekeeper][0;39m [2m[0;39m[36mcom.zaxxer.hikari.pool.HikariPool       [0;39m [2m:[0;39m HikariPool-1 - Thread starvation or clock leap detected (housekeeper delta=1m59s786ms).
[2m2026-01-19T08:15:03.608+05:30[0;39m [33m WARN[0;39m [35m50683[0;39m [2m---[0;39m [2m[notification-service] [l-1 housekeeper][0;39m [2m[0;39m[36mcom.zaxxer.hikari.pool.HikariPool       [0;39m [2m:[0;39m HikariPool-1 - Thread starvation or clock leap detected (housekeeper delta=56s508ms).
[2m2026-01-19T08:15:57.948+05:30[0;39m [33m WARN[0;39m [35m50683[0;39m [2m---[0;39m [2m[notification-service] [l-1 housekeeper][0;39m [2m[0;39m[36mcom.zaxxer.hikari.pool.HikariPool       [0;39m [2m:[0;39m HikariPool-1 - Thread starvation or clock leap detected (housekeeper delta=54s340ms).
[2m2026-01-19T08:27:06.068+05:30[0;39m [33m WARN[0;39m [35m50683[0;39m [2m---[0;39m [2m[notification-service] [l-1 housekeeper][0;39m [2m[0;39m[36mcom.zaxxer.hikari.pool.HikariPool       [0;39m [2m:[0;39m HikariPool-1 - Thread starvation or clock leap detected (housekeeper delta=11m8s120ms).
[2m2026-01-19T08:32:09.451+05:30[0;39m [33m WARN[0;39m [35m50683[0;39m [2m---[0;39m [2m[notification-service] [l-1 housekeeper][0;39m [2m[0;39m[36mcom.zaxxer.hikari.pool.HikariPool       [0;39m [2m:[0;39m HikariPool-1 - Thread starvation or clock leap detected (housekeeper delta=4m33s374ms).
[2m2026-01-19T09:05:51.514+05:30[0;39m [33m WARN[0;39m [35m50683[0;39m [2m---[0;39m [2m[notification-service] [l-1 housekeeper][0;39m [2m[0;39m[36mcom.zaxxer.hikari.pool.HikariPool       [0;39m [2m:[0;39m HikariPool-1 - Thread starvation or clock leap detected (housekeeper delta=33m12s54ms).
[2m2026-01-19T09:10:26.880+05:30[0;39m [33m WARN[0;39m [35m50683[0;39m [2m---[0;39m [2m[notification-service] [l-1 housekeeper][0;39m [2m[0;39m[36mcom.zaxxer.hikari.pool.HikariPool       [0;39m [2m:[0;39m HikariPool-1 - Thread starvation or clock leap detected (housekeeper delta=4m35s366ms).
[2m2026-01-19T09:12:29.756+05:30[0;39m [33m WARN[0;39m [35m50683[0;39m [2m---[0;39m [2m[notification-service] [l-1 housekeeper][0;39m [2m[0;39m[36mcom.zaxxer.hikari.pool.HikariPool       [0;39m [2m:[0;39m HikariPool-1 - Thread starvation or clock leap detected (housekeeper delta=2m2s876ms).
[2m2026-01-19T09:13:26.308+05:30[0;39m [33m WARN[0;39m [35m50683[0;39m [2m---[0;39m [2m[notification-service] [l-1 housekeeper][0;39m [2m[0;39m[36mcom.zaxxer.hikari.pool.HikariPool       [0;39m [2m:[0;39m HikariPool-1 - Thread starvation or clock leap detected (housekeeper delta=56s552ms).
[2m2026-01-19T09:17:42.527+05:30[0;39m [33m WARN[0;39m [35m50683[0;39m [2m---[0;39m [2m[notification-service] [l-1 housekeeper][0;39m [2m[0;39m[36mcom.zaxxer.hikari.pool.HikariPool       [0;39m [2m:[0;39m HikariPool-1 - Thread starvation or clock leap detected (housekeeper delta=3m45s610ms).
[2m2026-01-19T09:23:37.112+05:30[0;39m [33m WARN[0;39m [35m50683[0;39m [2m---[0;39m [2m[notification-service] [l-1 housekeeper][0;39m [2m[0;39m[36mcom.zaxxer.hikari.pool.HikariPool       [0;39m [2m:[0;39m HikariPool-1 - Thread starvation or clock leap detected (housekeeper delta=5m54s585ms).
[2m2026-01-19T11:15:08.910+05:30[0;39m [33m WARN[0;39m [35m50683[0;39m [2m---[0;39m [2m[notification-service] [l-1 housekeeper][0;39m [2m[0;39m[36mcom.zaxxer.hikari.pool.HikariPool       [0;39m [2m:[0;39m HikariPool-1 - Thread starvation or clock leap detected (housekeeper delta=2m30s979ms).
[2m2026-01-19T11:17:36.548+05:30[0;39m [33m WARN[0;39m [35m50683[0;39m [2m---[0;39m [2m[notification-service] [l-1 housekeeper][0;39m [2m[0;39m[36mcom.zaxxer.hikari.pool.HikariPool       [0;39m [2m:[0;39m HikariPool-1 - Thread starvation or clock leap detected (housekeeper delta=2m27s638ms).
