[INFO] Scanning for projects...
[INFO] 
[INFO] ---------------------< com.crm:reporting-service >----------------------
[INFO] Building Reporting Service 1.0.0
[INFO]   from pom.xml
[INFO] --------------------------------[ jar ]---------------------------------
[INFO] 
[INFO] --- clean:3.3.2:clean (default-clean) @ reporting-service ---
[INFO] Deleting /Users/shubhamgaigawale/monkdevs_workflow/backend/reporting-service/target
[INFO] 
[INFO] --- resources:3.3.1:resources (default-resources) @ reporting-service ---
[INFO] Copying 1 resource from src/main/resources to target/classes
[INFO] Copying 0 resource from src/main/resources to target/classes
[INFO] 
[INFO] --- compiler:3.11.0:compile (default-compile) @ reporting-service ---
[INFO] Changes detected - recompiling the module! :source
[INFO] Compiling 7 source files with javac [debug release 17] to target/classes
[INFO] 
[INFO] --- resources:3.3.1:testResources (default-testResources) @ reporting-service ---
[INFO] skip non existing resourceDirectory /Users/shubhamgaigawale/monkdevs_workflow/backend/reporting-service/src/test/resources
[INFO] 
[INFO] --- compiler:3.11.0:testCompile (default-testCompile) @ reporting-service ---
[INFO] No sources to compile
[INFO] 
[INFO] --- surefire:3.1.2:test (default-test) @ reporting-service ---
[INFO] Tests are skipped.
[INFO] 
[INFO] --- jar:3.3.0:jar (default-jar) @ reporting-service ---
[INFO] Building jar: /Users/shubhamgaigawale/monkdevs_workflow/backend/reporting-service/target/reporting-service-1.0.0.jar
[INFO] 
[INFO] --- spring-boot:3.2.1:repackage (repackage) @ reporting-service ---
[INFO] Replacing main artifact /Users/shubhamgaigawale/monkdevs_workflow/backend/reporting-service/target/reporting-service-1.0.0.jar with repackaged archive, adding nested dependencies in BOOT-INF/.
[INFO] The original artifact has been renamed to /Users/shubhamgaigawale/monkdevs_workflow/backend/reporting-service/target/reporting-service-1.0.0.jar.original
[INFO] 
[INFO] --- install:3.1.1:install (default-install) @ reporting-service ---
[INFO] Installing /Users/shubhamgaigawale/monkdevs_workflow/backend/reporting-service/pom.xml to /Users/shubhamgaigawale/.m2/repository/com/crm/reporting-service/1.0.0/reporting-service-1.0.0.pom
[INFO] Installing /Users/shubhamgaigawale/monkdevs_workflow/backend/reporting-service/target/reporting-service-1.0.0.jar to /Users/shubhamgaigawale/.m2/repository/com/crm/reporting-service/1.0.0/reporting-service-1.0.0.jar
[INFO] ------------------------------------------------------------------------
[INFO] BUILD SUCCESS
[INFO] ------------------------------------------------------------------------
[INFO] Total time:  5.275 s
[INFO] Finished at: 2026-01-18T14:46:09+05:30
[INFO] ------------------------------------------------------------------------
