
  .   ____          _            __ _ _
 /\\ / ___'_ __ _ _(_)_ __  __ _ \ \ \ \
( ( )\___ | '_ | '_| | '_ \/ _` | \ \ \ \
 \\/  ___)| |_)| | | | | || (_| |  ) ) ) )
  '  |____| .__|_| |_|_| |_\__, | / / / /
 =========|_|==============|___/=/_/_/_/
[32m :: Spring Boot :: [39m              [2m (v3.2.1)[0;39m

[2m2026-01-18T14:51:17.527+05:30[0;39m [32m INFO[0;39m [35m51051[0;39m [2m---[0;39m [2m[customer-admin-service] [           main][0;39m [2m[0;39m[36mc.c.c.CustomerAdminServiceApplication   [0;39m [2m:[0;39m Starting CustomerAdminServiceApplication using Java 23.0.2 with PID 51051 (/Users/shubhamgaigawale/monkdevs_workflow/backend/customer-admin-service/target/customer-admin-service-1.0.0.jar started by shubhamgaigawale in /Users/shubhamgaigawale/monkdevs_workflow/backend/customer-admin-service)
[2m2026-01-18T14:51:17.528+05:30[0;39m [32mDEBUG[0;39m [35m51051[0;39m [2m---[0;39m [2m[customer-admin-service] [           main][0;39m [2m[0;39m[36mc.c.c.CustomerAdminServiceApplication   [0;39m [2m:[0;39m Running with Spring Boot v3.2.1, Spring v6.1.2
[2m2026-01-18T14:51:17.528+05:30[0;39m [32m INFO[0;39m [35m51051[0;39m [2m---[0;39m [2m[customer-admin-service] [           main][0;39m [2m[0;39m[36mc.c.c.CustomerAdminServiceApplication   [0;39m [2m:[0;39m No active profile set, falling back to 1 default profile: "default"
[2m2026-01-18T14:51:17.971+05:30[0;39m [32m INFO[0;39m [35m51051[0;39m [2m---[0;39m [2m[customer-admin-service] [           main][0;39m [2m[0;39m[36m.s.d.r.c.RepositoryConfigurationDelegate[0;39m [2m:[0;39m Multiple Spring Data modules found, entering strict repository configuration mode
[2m2026-01-18T14:51:17.972+05:30[0;39m [32m INFO[0;39m [35m51051[0;39m [2m---[0;39m [2m[customer-admin-service] [           main][0;39m [2m[0;39m[36m.s.d.r.c.RepositoryConfigurationDelegate[0;39m [2m:[0;39m Bootstrapping Spring Data JPA repositories in DEFAULT mode.
[2m2026-01-18T14:51:18.035+05:30[0;39m [32m INFO[0;39m [35m51051[0;39m [2m---[0;39m [2m[customer-admin-service] [           main][0;39m [2m[0;39m[36m.s.d.r.c.RepositoryConfigurationDelegate[0;39m [2m:[0;39m Finished Spring Data repository scanning in 59 ms. Found 1 JPA repository interface.
[2m2026-01-18T14:51:18.044+05:30[0;39m [32m INFO[0;39m [35m51051[0;39m [2m---[0;39m [2m[customer-admin-service] [           main][0;39m [2m[0;39m[36m.s.d.r.c.RepositoryConfigurationDelegate[0;39m [2m:[0;39m Multiple Spring Data modules found, entering strict repository configuration mode
[2m2026-01-18T14:51:18.044+05:30[0;39m [32m INFO[0;39m [35m51051[0;39m [2m---[0;39m [2m[customer-admin-service] [           main][0;39m [2m[0;39m[36m.s.d.r.c.RepositoryConfigurationDelegate[0;39m [2m:[0;39m Bootstrapping Spring Data Redis repositories in DEFAULT mode.
[2m2026-01-18T14:51:18.050+05:30[0;39m [32m INFO[0;39m [35m51051[0;39m [2m---[0;39m [2m[customer-admin-service] [           main][0;39m [2m[0;39m[36m.RepositoryConfigurationExtensionSupport[0;39m [2m:[0;39m Spring Data Redis - Could not safely identify store assignment for repository candidate interface com.crm.customeradminservice.repository.CustomerProfileRepository; If you want this repository to be a Redis repository, consider annotating your entities with one of these annotations: org.springframework.data.redis.core.RedisHash (preferred), or consider extending one of the following types with your repository: org.springframework.data.keyvalue.repository.KeyValueRepository
[2m2026-01-18T14:51:18.050+05:30[0;39m [32m INFO[0;39m [35m51051[0;39m [2m---[0;39m [2m[customer-admin-service] [           main][0;39m [2m[0;39m[36m.s.d.r.c.RepositoryConfigurationDelegate[0;39m [2m:[0;39m Finished Spring Data repository scanning in 2 ms. Found 0 Redis repository interfaces.
[2m2026-01-18T14:51:18.321+05:30[0;39m [32m INFO[0;39m [35m51051[0;39m [2m---[0;39m [2m[customer-admin-service] [           main][0;39m [2m[0;39m[36mo.s.b.w.embedded.tomcat.TomcatWebServer [0;39m [2m:[0;39m Tomcat initialized with port 8090 (http)
[2m2026-01-18T14:51:18.326+05:30[0;39m [32m INFO[0;39m [35m51051[0;39m [2m---[0;39m [2m[customer-admin-service] [           main][0;39m [2m[0;39m[36mo.apache.catalina.core.StandardService  [0;39m [2m:[0;39m Starting service [Tomcat]
[2m2026-01-18T14:51:18.326+05:30[0;39m [32m INFO[0;39m [35m51051[0;39m [2m---[0;39m [2m[customer-admin-service] [           main][0;39m [2m[0;39m[36mo.apache.catalina.core.StandardEngine   [0;39m [2m:[0;39m Starting Servlet engine: [Apache Tomcat/10.1.17]
[2m2026-01-18T14:51:18.339+05:30[0;39m [32m INFO[0;39m [35m51051[0;39m [2m---[0;39m [2m[customer-admin-service] [           main][0;39m [2m[0;39m[36mo.a.c.c.C.[Tomcat].[localhost].[/]      [0;39m [2m:[0;39m Initializing Spring embedded WebApplicationContext
[2m2026-01-18T14:51:18.339+05:30[0;39m [32m INFO[0;39m [35m51051[0;39m [2m---[0;39m [2m[customer-admin-service] [           main][0;39m [2m[0;39m[36mw.s.c.ServletWebServerApplicationContext[0;39m [2m:[0;39m Root WebApplicationContext: initialization completed in 768 ms
[2m2026-01-18T14:51:18.453+05:30[0;39m [32m INFO[0;39m [35m51051[0;39m [2m---[0;39m [2m[customer-admin-service] [           main][0;39m [2m[0;39m[36mo.f.c.i.s.classpath.ClassPathScanner    [0;39m [2m:[0;39m Flyway OSS Edition 10.4.1 by Redgate
[2m2026-01-18T14:51:18.453+05:30[0;39m [32m INFO[0;39m [35m51051[0;39m [2m---[0;39m [2m[customer-admin-service] [           main][0;39m [2m[0;39m[36mo.f.c.i.s.classpath.ClassPathScanner    [0;39m [2m:[0;39m 
[2m2026-01-18T14:51:18.453+05:30[0;39m [32m INFO[0;39m [35m51051[0;39m [2m---[0;39m [2m[customer-admin-service] [           main][0;39m [2m[0;39m[36mo.f.c.i.s.classpath.ClassPathScanner    [0;39m [2m:[0;39m See release notes here: https://rd.gt/416ObMi
[2m2026-01-18T14:51:18.457+05:30[0;39m [32m INFO[0;39m [35m51051[0;39m [2m---[0;39m [2m[customer-admin-service] [           main][0;39m [2m[0;39m[36mcom.zaxxer.hikari.HikariDataSource      [0;39m [2m:[0;39m HikariPool-1 - Starting...
[2m2026-01-18T14:51:18.517+05:30[0;39m [32m INFO[0;39m [35m51051[0;39m [2m---[0;39m [2m[customer-admin-service] [           main][0;39m [2m[0;39m[36mcom.zaxxer.hikari.pool.HikariPool       [0;39m [2m:[0;39m HikariPool-1 - Added connection org.postgresql.jdbc.PgConnection@577bfadb
[2m2026-01-18T14:51:18.518+05:30[0;39m [32m INFO[0;39m [35m51051[0;39m [2m---[0;39m [2m[customer-admin-service] [           main][0;39m [2m[0;39m[36mcom.zaxxer.hikari.HikariDataSource      [0;39m [2m:[0;39m HikariPool-1 - Start completed.
[2m2026-01-18T14:51:18.531+05:30[0;39m [32m INFO[0;39m [35m51051[0;39m [2m---[0;39m [2m[customer-admin-service] [           main][0;39m [2m[0;39m[36morg.flywaydb.core.FlywayExecutor        [0;39m [2m:[0;39m Database: jdbc:postgresql://localhost:5432/crm_db (PostgreSQL 14.17)
[2m2026-01-18T14:51:18.550+05:30[0;39m [32m INFO[0;39m [35m51051[0;39m [2m---[0;39m [2m[customer-admin-service] [           main][0;39m [2m[0;39m[36mo.f.core.internal.command.DbValidate    [0;39m [2m:[0;39m Successfully validated 1 migration (execution time 00:00.010s)
[2m2026-01-18T14:51:18.576+05:30[0;39m [32m INFO[0;39m [35m51051[0;39m [2m---[0;39m [2m[customer-admin-service] [           main][0;39m [2m[0;39m[36mo.f.core.internal.command.DbMigrate     [0;39m [2m:[0;39m Current version of schema "public": null
[2m2026-01-18T14:51:18.577+05:30[0;39m [32m INFO[0;39m [35m51051[0;39m [2m---[0;39m [2m[customer-admin-service] [           main][0;39m [2m[0;39m[36mo.f.core.internal.command.DbMigrate     [0;39m [2m:[0;39m Schema "public" is up to date. No migration necessary.
[2m2026-01-18T14:51:18.622+05:30[0;39m [32m INFO[0;39m [35m51051[0;39m [2m---[0;39m [2m[customer-admin-service] [           main][0;39m [2m[0;39m[36mo.hibernate.jpa.internal.util.LogHelper [0;39m [2m:[0;39m HHH000204: Processing PersistenceUnitInfo [name: default]
[2m2026-01-18T14:51:18.650+05:30[0;39m [32m INFO[0;39m [35m51051[0;39m [2m---[0;39m [2m[customer-admin-service] [           main][0;39m [2m[0;39m[36morg.hibernate.Version                   [0;39m [2m:[0;39m HHH000412: Hibernate ORM core version 6.4.1.Final
[2m2026-01-18T14:51:18.666+05:30[0;39m [32m INFO[0;39m [35m51051[0;39m [2m---[0;39m [2m[customer-admin-service] [           main][0;39m [2m[0;39m[36mo.h.c.internal.RegionFactoryInitiator   [0;39m [2m:[0;39m HHH000026: Second-level cache disabled
[2m2026-01-18T14:51:18.763+05:30[0;39m [32m INFO[0;39m [35m51051[0;39m [2m---[0;39m [2m[customer-admin-service] [           main][0;39m [2m[0;39m[36mo.s.o.j.p.SpringPersistenceUnitInfo     [0;39m [2m:[0;39m No LoadTimeWeaver setup: ignoring JPA class transformer
[2m2026-01-18T14:51:18.792+05:30[0;39m [33m WARN[0;39m [35m51051[0;39m [2m---[0;39m [2m[customer-admin-service] [           main][0;39m [2m[0;39m[36morg.hibernate.orm.deprecation           [0;39m [2m:[0;39m HHH90000025: PostgreSQLDialect does not need to be specified explicitly using 'hibernate.dialect' (remove the property setting and it will be selected by default)
[2m2026-01-18T14:51:19.139+05:30[0;39m [32m INFO[0;39m [35m51051[0;39m [2m---[0;39m [2m[customer-admin-service] [           main][0;39m [2m[0;39m[36mo.h.e.t.j.p.i.JtaPlatformInitiator      [0;39m [2m:[0;39m HHH000489: No JTA platform available (set 'hibernate.transaction.jta.platform' to enable JTA platform integration)
[2m2026-01-18T14:51:19.174+05:30[0;39m [32m INFO[0;39m [35m51051[0;39m [2m---[0;39m [2m[customer-admin-service] [           main][0;39m [2m[0;39m[36mj.LocalContainerEntityManagerFactoryBean[0;39m [2m:[0;39m Initialized JPA EntityManagerFactory for persistence unit 'default'
[2m2026-01-18T14:51:19.522+05:30[0;39m [33m WARN[0;39m [35m51051[0;39m [2m---[0;39m [2m[customer-admin-service] [           main][0;39m [2m[0;39m[36mJpaBaseConfiguration$JpaWebConfiguration[0;39m [2m:[0;39m spring.jpa.open-in-view is enabled by default. Therefore, database queries may be performed during view rendering. Explicitly configure spring.jpa.open-in-view to disable this warning
[2m2026-01-18T14:51:19.529+05:30[0;39m [33m WARN[0;39m [35m51051[0;39m [2m---[0;39m [2m[customer-admin-service] [           main][0;39m [2m[0;39m[36m.s.s.UserDetailsServiceAutoConfiguration[0;39m [2m:[0;39m 

Using generated security password: f9c0f3ae-db9b-4baa-8075-35ba59c7ccdf

This generated password is for development use only. Your security configuration must be updated before running your application in production.

[2m2026-01-18T14:51:19.655+05:30[0;39m [32m INFO[0;39m [35m51051[0;39m [2m---[0;39m [2m[customer-admin-service] [           main][0;39m [2m[0;39m[36mo.s.s.web.DefaultSecurityFilterChain    [0;39m [2m:[0;39m Will secure any request with [org.springframework.security.web.session.DisableEncodeUrlFilter@3f2f6818, org.springframework.security.web.context.request.async.WebAsyncManagerIntegrationFilter@16021f6e, org.springframework.security.web.context.SecurityContextHolderFilter@644f033d, org.springframework.security.web.header.HeaderWriterFilter@7f289126, org.springframework.web.filter.CorsFilter@642693c2, org.springframework.security.web.authentication.logout.LogoutFilter@747b8f5c, com.crm.common.security.filter.JwtAuthenticationFilter@26c77f54, org.springframework.security.web.savedrequest.RequestCacheAwareFilter@26c349fc, org.springframework.security.web.servletapi.SecurityContextHolderAwareRequestFilter@54d0d561, org.springframework.security.web.authentication.AnonymousAuthenticationFilter@63cff421, org.springframework.security.web.session.SessionManagementFilter@2c64ee53, org.springframework.security.web.access.ExceptionTranslationFilter@58178b69, org.springframework.security.web.access.intercept.AuthorizationFilter@17e7cc67]
[2m2026-01-18T14:51:19.807+05:30[0;39m [32m INFO[0;39m [35m51051[0;39m [2m---[0;39m [2m[customer-admin-service] [           main][0;39m [2m[0;39m[36mo.s.b.w.embedded.tomcat.TomcatWebServer [0;39m [2m:[0;39m Tomcat started on port 8090 (http) with context path ''
[2m2026-01-18T14:51:19.812+05:30[0;39m [32m INFO[0;39m [35m51051[0;39m [2m---[0;39m [2m[customer-admin-service] [           main][0;39m [2m[0;39m[36mc.c.c.CustomerAdminServiceApplication   [0;39m [2m:[0;39m Started CustomerAdminServiceApplication in 2.465 seconds (process running for 2.691)
[2m2026-01-18T15:12:41.841+05:30[0;39m [33m WARN[0;39m [35m51051[0;39m [2m---[0;39m [2m[customer-admin-service] [l-1 housekeeper][0;39m [2m[0;39m[36mcom.zaxxer.hikari.pool.HikariPool       [0;39m [2m:[0;39m HikariPool-1 - Thread starvation or clock leap detected (housekeeper delta=13m23s175ms).
[2m2026-01-18T15:47:28.389+05:30[0;39m [33m WARN[0;39m [35m51051[0;39m [2m---[0;39m [2m[customer-admin-service] [l-1 housekeeper][0;39m [2m[0;39m[36mcom.zaxxer.hikari.pool.HikariPool       [0;39m [2m:[0;39m HikariPool-1 - Thread starvation or clock leap detected (housekeeper delta=34m46s549ms).
[2m2026-01-18T16:03:13.831+05:30[0;39m [33m WARN[0;39m [35m51051[0;39m [2m---[0;39m [2m[customer-admin-service] [l-1 housekeeper][0;39m [2m[0;39m[36mcom.zaxxer.hikari.pool.HikariPool       [0;39m [2m:[0;39m HikariPool-1 - Thread starvation or clock leap detected (housekeeper delta=15m45s442ms).
[2m2026-01-18T16:12:13.190+05:30[0;39m [33m WARN[0;39m [35m51051[0;39m [2m---[0;39m [2m[customer-admin-service] [l-1 housekeeper][0;39m [2m[0;39m[36mcom.zaxxer.hikari.pool.HikariPool       [0;39m [2m:[0;39m HikariPool-1 - Thread starvation or clock leap detected (housekeeper delta=8m59s359ms).
[2m2026-01-18T16:30:32.163+05:30[0;39m [33m WARN[0;39m [35m51051[0;39m [2m---[0;39m [2m[customer-admin-service] [l-1 housekeeper][0;39m [2m[0;39m[36mcom.zaxxer.hikari.pool.HikariPool       [0;39m [2m:[0;39m HikariPool-1 - Thread starvation or clock leap detected (housekeeper delta=18m18s973ms).
[2m2026-01-18T16:36:13.776+05:30[0;39m [33m WARN[0;39m [35m51051[0;39m [2m---[0;39m [2m[customer-admin-service] [l-1 housekeeper][0;39m [2m[0;39m[36mcom.zaxxer.hikari.pool.HikariPool       [0;39m [2m:[0;39m HikariPool-1 - Thread starvation or clock leap detected (housekeeper delta=5m41s613ms).
[2m2026-01-18T17:00:22.430+05:30[0;39m [33m WARN[0;39m [35m51051[0;39m [2m---[0;39m [2m[customer-admin-service] [l-1 housekeeper][0;39m [2m[0;39m[36mcom.zaxxer.hikari.pool.HikariPool       [0;39m [2m:[0;39m HikariPool-1 - Thread starvation or clock leap detected (housekeeper delta=24m8s654ms).
[2m2026-01-18T17:12:13.123+05:30[0;39m [33m WARN[0;39m [35m51051[0;39m [2m---[0;39m [2m[customer-admin-service] [l-1 housekeeper][0;39m [2m[0;39m[36mcom.zaxxer.hikari.pool.HikariPool       [0;39m [2m:[0;39m HikariPool-1 - Thread starvation or clock leap detected (housekeeper delta=11m50s693ms).
[2m2026-01-18T18:01:24.102+05:30[0;39m [33m WARN[0;39m [35m51051[0;39m [2m---[0;39m [2m[customer-admin-service] [l-1 housekeeper][0;39m [2m[0;39m[36mcom.zaxxer.hikari.pool.HikariPool       [0;39m [2m:[0;39m HikariPool-1 - Thread starvation or clock leap detected (housekeeper delta=48m40s971ms).
[2m2026-01-18T18:10:42.615+05:30[0;39m [33m WARN[0;39m [35m51051[0;39m [2m---[0;39m [2m[customer-admin-service] [l-1 housekeeper][0;39m [2m[0;39m[36mcom.zaxxer.hikari.pool.HikariPool       [0;39m [2m:[0;39m HikariPool-1 - Thread starvation or clock leap detected (housekeeper delta=8m48s512ms).
[2m2026-01-18T18:12:19.698+05:30[0;39m [33m WARN[0;39m [35m51051[0;39m [2m---[0;39m [2m[customer-admin-service] [l-1 housekeeper][0;39m [2m[0;39m[36mcom.zaxxer.hikari.pool.HikariPool       [0;39m [2m:[0;39m HikariPool-1 - Thread starvation or clock leap detected (housekeeper delta=1m37s83ms).
[2m2026-01-18T18:48:54.588+05:30[0;39m [33m WARN[0;39m [35m51051[0;39m [2m---[0;39m [2m[customer-admin-service] [l-1 housekeeper][0;39m [2m[0;39m[36mcom.zaxxer.hikari.pool.HikariPool       [0;39m [2m:[0;39m HikariPool-1 - Thread starvation or clock leap detected (housekeeper delta=36m34s889ms).
[2m2026-01-18T19:58:41.277+05:30[0;39m [33m WARN[0;39m [35m51051[0;39m [2m---[0;39m [2m[customer-admin-service] [l-1 housekeeper][0;39m [2m[0;39m[36mcom.zaxxer.hikari.pool.HikariPool       [0;39m [2m:[0;39m HikariPool-1 - Thread starvation or clock leap detected (housekeeper delta=46s122ms).
[2m2026-01-18T21:12:32.969+05:30[0;39m [33m WARN[0;39m [35m51051[0;39m [2m---[0;39m [2m[customer-admin-service] [l-1 housekeeper][0;39m [2m[0;39m[36mcom.zaxxer.hikari.pool.HikariPool       [0;39m [2m:[0;39m HikariPool-1 - Thread starvation or clock leap detected (housekeeper delta=42m21s426ms).
[2m2026-01-18T21:28:22.922+05:30[0;39m [33m WARN[0;39m [35m51051[0;39m [2m---[0;39m [2m[customer-admin-service] [l-1 housekeeper][0;39m [2m[0;39m[36mcom.zaxxer.hikari.pool.HikariPool       [0;39m [2m:[0;39m HikariPool-1 - Thread starvation or clock leap detected (housekeeper delta=15m19s940ms).
[2m2026-01-18T22:09:10.696+05:30[0;39m [33m WARN[0;39m [35m51051[0;39m [2m---[0;39m [2m[customer-admin-service] [l-1 housekeeper][0;39m [2m[0;39m[36mcom.zaxxer.hikari.pool.HikariPool       [0;39m [2m:[0;39m HikariPool-1 - Thread starvation or clock leap detected (housekeeper delta=40m47s774ms).
[2m2026-01-18T22:56:56.475+05:30[0;39m [33m WARN[0;39m [35m51051[0;39m [2m---[0;39m [2m[customer-admin-service] [l-1 housekeeper][0;39m [2m[0;39m[36mcom.zaxxer.hikari.pool.HikariPool       [0;39m [2m:[0;39m HikariPool-1 - Thread starvation or clock leap detected (housekeeper delta=11m45s501ms).
[2m2026-01-18T22:58:53.394+05:30[0;39m [33m WARN[0;39m [35m51051[0;39m [2m---[0;39m [2m[customer-admin-service] [l-1 housekeeper][0;39m [2m[0;39m[36mcom.zaxxer.hikari.pool.HikariPool       [0;39m [2m:[0;39m HikariPool-1 - Thread starvation or clock leap detected (housekeeper delta=1m26s913ms).
[2m2026-01-18T23:09:18.081+05:30[0;39m [33m WARN[0;39m [35m51051[0;39m [2m---[0;39m [2m[customer-admin-service] [l-1 housekeeper][0;39m [2m[0;39m[36mcom.zaxxer.hikari.pool.HikariPool       [0;39m [2m:[0;39m HikariPool-1 - Thread starvation or clock leap detected (housekeeper delta=10m24s687ms).
[2m2026-01-18T23:20:37.374+05:30[0;39m [33m WARN[0;39m [35m51051[0;39m [2m---[0;39m [2m[customer-admin-service] [l-1 housekeeper][0;39m [2m[0;39m[36mcom.zaxxer.hikari.pool.HikariPool       [0;39m [2m:[0;39m HikariPool-1 - Thread starvation or clock leap detected (housekeeper delta=11m19s293ms).
[2m2026-01-18T23:22:33.910+05:30[0;39m [33m WARN[0;39m [35m51051[0;39m [2m---[0;39m [2m[customer-admin-service] [l-1 housekeeper][0;39m [2m[0;39m[36mcom.zaxxer.hikari.pool.HikariPool       [0;39m [2m:[0;39m HikariPool-1 - Thread starvation or clock leap detected (housekeeper delta=1m26s530ms).
[2m2026-01-19T00:17:29.584+05:30[0;39m [33m WARN[0;39m [35m51051[0;39m [2m---[0;39m [2m[customer-admin-service] [l-1 housekeeper][0;39m [2m[0;39m[36mcom.zaxxer.hikari.pool.HikariPool       [0;39m [2m:[0;39m HikariPool-1 - Thread starvation or clock leap detected (housekeeper delta=2m25s323ms).
[2m2026-01-19T00:22:33.851+05:30[0;39m [33m WARN[0;39m [35m51051[0;39m [2m---[0;39m [2m[customer-admin-service] [l-1 housekeeper][0;39m [2m[0;39m[36mcom.zaxxer.hikari.pool.HikariPool       [0;39m [2m:[0;39m HikariPool-1 - Thread starvation or clock leap detected (housekeeper delta=2m56s574ms).
[2m2026-01-19T00:23:26.930+05:30[0;39m [33m WARN[0;39m [35m51051[0;39m [2m---[0;39m [2m[customer-admin-service] [l-1 housekeeper][0;39m [2m[0;39m[36mcom.zaxxer.hikari.pool.HikariPool       [0;39m [2m:[0;39m HikariPool-1 - Thread starvation or clock leap detected (housekeeper delta=53s79ms).
[2m2026-01-19T00:25:16.360+05:30[0;39m [33m WARN[0;39m [35m51051[0;39m [2m---[0;39m [2m[customer-admin-service] [l-1 housekeeper][0;39m [2m[0;39m[36mcom.zaxxer.hikari.pool.HikariPool       [0;39m [2m:[0;39m HikariPool-1 - Thread starvation or clock leap detected (housekeeper delta=1m49s430ms).
[2m2026-01-19T00:43:04.069+05:30[0;39m [33m WARN[0;39m [35m51051[0;39m [2m---[0;39m [2m[customer-admin-service] [l-1 housekeeper][0;39m [2m[0;39m[36mcom.zaxxer.hikari.pool.HikariPool       [0;39m [2m:[0;39m HikariPool-1 - Thread starvation or clock leap detected (housekeeper delta=17m47s709ms).
[2m2026-01-19T01:12:36.067+05:30[0;39m [33m WARN[0;39m [35m51051[0;39m [2m---[0;39m [2m[customer-admin-service] [l-1 housekeeper][0;39m [2m[0;39m[36mcom.zaxxer.hikari.pool.HikariPool       [0;39m [2m:[0;39m HikariPool-1 - Thread starvation or clock leap detected (housekeeper delta=29m1s987ms).
[2m2026-01-19T02:12:25.895+05:30[0;39m [33m WARN[0;39m [35m51051[0;39m [2m---[0;39m [2m[customer-admin-service] [l-1 housekeeper][0;39m [2m[0;39m[36mcom.zaxxer.hikari.pool.HikariPool       [0;39m [2m:[0;39m HikariPool-1 - Thread starvation or clock leap detected (housekeeper delta=59m19s818ms).
[2m2026-01-19T02:16:30.696+05:30[0;39m [33m WARN[0;39m [35m51051[0;39m [2m---[0;39m [2m[customer-admin-service] [l-1 housekeeper][0;39m [2m[0;39m[36mcom.zaxxer.hikari.pool.HikariPool       [0;39m [2m:[0;39m HikariPool-1 - Thread starvation or clock leap detected (housekeeper delta=4m4s801ms).
[2m2026-01-19T02:23:37.551+05:30[0;39m [33m WARN[0;39m [35m51051[0;39m [2m---[0;39m [2m[customer-admin-service] [l-1 housekeeper][0;39m [2m[0;39m[36mcom.zaxxer.hikari.pool.HikariPool       [0;39m [2m:[0;39m HikariPool-1 - Thread starvation or clock leap detected (housekeeper delta=7m6s855ms).
[2m2026-01-19T03:09:58.990+05:30[0;39m [33m WARN[0;39m [35m51051[0;39m [2m---[0;39m [2m[customer-admin-service] [l-1 housekeeper][0;39m [2m[0;39m[36mcom.zaxxer.hikari.pool.HikariPool       [0;39m [2m:[0;39m HikariPool-1 - Thread starvation or clock leap detected (housekeeper delta=46m21s439ms).
[2m2026-01-19T03:12:17.184+05:30[0;39m [33m WARN[0;39m [35m51051[0;39m [2m---[0;39m [2m[customer-admin-service] [l-1 housekeeper][0;39m [2m[0;39m[36mcom.zaxxer.hikari.pool.HikariPool       [0;39m [2m:[0;39m HikariPool-1 - Thread starvation or clock leap detected (housekeeper delta=2m18s194ms).
[2m2026-01-19T03:13:12.834+05:30[0;39m [33m WARN[0;39m [35m51051[0;39m [2m---[0;39m [2m[customer-admin-service] [l-1 housekeeper][0;39m [2m[0;39m[36mcom.zaxxer.hikari.pool.HikariPool       [0;39m [2m:[0;39m HikariPool-1 - Thread starvation or clock leap detected (housekeeper delta=55s650ms).
[2m2026-01-19T03:17:26.842+05:30[0;39m [33m WARN[0;39m [35m51051[0;39m [2m---[0;39m [2m[customer-admin-service] [l-1 housekeeper][0;39m [2m[0;39m[36mcom.zaxxer.hikari.pool.HikariPool       [0;39m [2m:[0;39m HikariPool-1 - Thread starvation or clock leap detected (housekeeper delta=4m14s8ms).
[2m2026-01-19T03:23:30.858+05:30[0;39m [33m WARN[0;39m [35m51051[0;39m [2m---[0;39m [2m[customer-admin-service] [l-1 housekeeper][0;39m [2m[0;39m[36mcom.zaxxer.hikari.pool.HikariPool       [0;39m [2m:[0;39m HikariPool-1 - Thread starvation or clock leap detected (housekeeper delta=6m4s16ms).
[2m2026-01-19T03:27:36.232+05:30[0;39m [33m WARN[0;39m [35m51051[0;39m [2m---[0;39m [2m[customer-admin-service] [l-1 housekeeper][0;39m [2m[0;39m[36mcom.zaxxer.hikari.pool.HikariPool       [0;39m [2m:[0;39m HikariPool-1 - Thread starvation or clock leap detected (housekeeper delta=3m1s642ms).
[2m2026-01-19T03:29:54.412+05:30[0;39m [33m WARN[0;39m [35m51051[0;39m [2m---[0;39m [2m[customer-admin-service] [l-1 housekeeper][0;39m [2m[0;39m[36mcom.zaxxer.hikari.pool.HikariPool       [0;39m [2m:[0;39m HikariPool-1 - Thread starvation or clock leap detected (housekeeper delta=1m48s170ms).
[2m2026-01-19T03:38:02.791+05:30[0;39m [33m WARN[0;39m [35m51051[0;39m [2m---[0;39m [2m[customer-admin-service] [l-1 housekeeper][0;39m [2m[0;39m[36mcom.zaxxer.hikari.pool.HikariPool       [0;39m [2m:[0;39m HikariPool-1 - Thread starvation or clock leap detected (housekeeper delta=8m8s379ms).
[2m2026-01-19T03:46:03.946+05:30[0;39m [33m WARN[0;39m [35m51051[0;39m [2m---[0;39m [2m[customer-admin-service] [l-1 housekeeper][0;39m [2m[0;39m[36mcom.zaxxer.hikari.pool.HikariPool       [0;39m [2m:[0;39m HikariPool-1 - Thread starvation or clock leap detected (housekeeper delta=8m1s155ms).
[2m2026-01-19T03:49:57.611+05:30[0;39m [33m WARN[0;39m [35m51051[0;39m [2m---[0;39m [2m[customer-admin-service] [l-1 housekeeper][0;39m [2m[0;39m[36mcom.zaxxer.hikari.pool.HikariPool       [0;39m [2m:[0;39m HikariPool-1 - Thread starvation or clock leap detected (housekeeper delta=3m23s654ms).
[2m2026-01-19T04:12:22.623+05:30[0;39m [33m WARN[0;39m [35m51051[0;39m [2m---[0;39m [2m[customer-admin-service] [l-1 housekeeper][0;39m [2m[0;39m[36mcom.zaxxer.hikari.pool.HikariPool       [0;39m [2m:[0;39m HikariPool-1 - Thread starvation or clock leap detected (housekeeper delta=21m43s380ms).
[2m2026-01-19T04:28:21.442+05:30[0;39m [33m WARN[0;39m [35m51051[0;39m [2m---[0;39m [2m[customer-admin-service] [l-1 housekeeper][0;39m [2m[0;39m[36mcom.zaxxer.hikari.pool.HikariPool       [0;39m [2m:[0;39m HikariPool-1 - Thread starvation or clock leap detected (housekeeper delta=15m58s819ms).
[2m2026-01-19T04:29:39.915+05:30[0;39m [33m WARN[0;39m [35m51051[0;39m [2m---[0;39m [2m[customer-admin-service] [l-1 housekeeper][0;39m [2m[0;39m[36mcom.zaxxer.hikari.pool.HikariPool       [0;39m [2m:[0;39m HikariPool-1 - Thread starvation or clock leap detected (housekeeper delta=45s641ms).
[2m2026-01-19T04:36:05.893+05:30[0;39m [33m WARN[0;39m [35m51051[0;39m [2m---[0;39m [2m[customer-admin-service] [l-1 housekeeper][0;39m [2m[0;39m[36mcom.zaxxer.hikari.pool.HikariPool       [0;39m [2m:[0;39m HikariPool-1 - Thread starvation or clock leap detected (housekeeper delta=6m25s978ms).
[2m2026-01-19T04:42:08.199+05:30[0;39m [33m WARN[0;39m [35m51051[0;39m [2m---[0;39m [2m[customer-admin-service] [l-1 housekeeper][0;39m [2m[0;39m[36mcom.zaxxer.hikari.pool.HikariPool       [0;39m [2m:[0;39m HikariPool-1 - Thread starvation or clock leap detected (housekeeper delta=5m21s347ms).
[2m2026-01-19T04:55:08.892+05:30[0;39m [33m WARN[0;39m [35m51051[0;39m [2m---[0;39m [2m[customer-admin-service] [l-1 housekeeper][0;39m [2m[0;39m[36mcom.zaxxer.hikari.pool.HikariPool       [0;39m [2m:[0;39m HikariPool-1 - Thread starvation or clock leap detected (housekeeper delta=13m693ms).
[2m2026-01-19T04:57:19.164+05:30[0;39m [33m WARN[0;39m [35m51051[0;39m [2m---[0;39m [2m[customer-admin-service] [l-1 housekeeper][0;39m [2m[0;39m[36mcom.zaxxer.hikari.pool.HikariPool       [0;39m [2m:[0;39m HikariPool-1 - Thread starvation or clock leap detected (housekeeper delta=1m40s267ms).
[2m2026-01-19T05:06:03.649+05:30[0;39m [33m WARN[0;39m [35m51051[0;39m [2m---[0;39m [2m[customer-admin-service] [l-1 housekeeper][0;39m [2m[0;39m[36mcom.zaxxer.hikari.pool.HikariPool       [0;39m [2m:[0;39m HikariPool-1 - Thread starvation or clock leap detected (housekeeper delta=8m44s485ms).
[2m2026-01-19T05:12:42.670+05:30[0;39m [33m WARN[0;39m [35m51051[0;39m [2m---[0;39m [2m[customer-admin-service] [l-1 housekeeper][0;39m [2m[0;39m[36mcom.zaxxer.hikari.pool.HikariPool       [0;39m [2m:[0;39m HikariPool-1 - Thread starvation or clock leap detected (housekeeper delta=6m39s21ms).
[2m2026-01-19T06:06:49.514+05:30[0;39m [33m WARN[0;39m [35m51051[0;39m [2m---[0;39m [2m[customer-admin-service] [l-1 housekeeper][0;39m [2m[0;39m[36mcom.zaxxer.hikari.pool.HikariPool       [0;39m [2m:[0;39m HikariPool-1 - Thread starvation or clock leap detected (housekeeper delta=54m6s844ms).
[2m2026-01-19T06:10:13.087+05:30[0;39m [33m WARN[0;39m [35m51051[0;39m [2m---[0;39m [2m[customer-admin-service] [l-1 housekeeper][0;39m [2m[0;39m[36mcom.zaxxer.hikari.pool.HikariPool       [0;39m [2m:[0;39m HikariPool-1 - Thread starvation or clock leap detected (housekeeper delta=2m53s572ms).
[2m2026-01-19T06:12:15.967+05:30[0;39m [33m WARN[0;39m [35m51051[0;39m [2m---[0;39m [2m[customer-admin-service] [l-1 housekeeper][0;39m [2m[0;39m[36mcom.zaxxer.hikari.pool.HikariPool       [0;39m [2m:[0;39m HikariPool-1 - Thread starvation or clock leap detected (housekeeper delta=2m2s880ms).
[2m2026-01-19T06:27:59.304+05:30[0;39m [33m WARN[0;39m [35m51051[0;39m [2m---[0;39m [2m[customer-admin-service] [l-1 housekeeper][0;39m [2m[0;39m[36mcom.zaxxer.hikari.pool.HikariPool       [0;39m [2m:[0;39m HikariPool-1 - Thread starvation or clock leap detected (housekeeper delta=15m43s337ms).
[2m2026-01-19T06:41:37.104+05:30[0;39m [33m WARN[0;39m [35m51051[0;39m [2m---[0;39m [2m[customer-admin-service] [l-1 housekeeper][0;39m [2m[0;39m[36mcom.zaxxer.hikari.pool.HikariPool       [0;39m [2m:[0;39m HikariPool-1 - Thread starvation or clock leap detected (housekeeper delta=13m37s800ms).
[2m2026-01-19T06:58:17.671+05:30[0;39m [33m WARN[0;39m [35m51051[0;39m [2m---[0;39m [2m[customer-admin-service] [l-1 housekeeper][0;39m [2m[0;39m[36mcom.zaxxer.hikari.pool.HikariPool       [0;39m [2m:[0;39m HikariPool-1 - Thread starvation or clock leap detected (housekeeper delta=16m10s565ms).
[2m2026-01-19T07:02:46.530+05:30[0;39m [33m WARN[0;39m [35m51051[0;39m [2m---[0;39m [2m[customer-admin-service] [l-1 housekeeper][0;39m [2m[0;39m[36mcom.zaxxer.hikari.pool.HikariPool       [0;39m [2m:[0;39m HikariPool-1 - Thread starvation or clock leap detected (housekeeper delta=4m28s859ms).
[2m2026-01-19T07:06:55.391+05:30[0;39m [33m WARN[0;39m [35m51051[0;39m [2m---[0;39m [2m[customer-admin-service] [l-1 housekeeper][0;39m [2m[0;39m[36mcom.zaxxer.hikari.pool.HikariPool       [0;39m [2m:[0;39m HikariPool-1 - Thread starvation or clock leap detected (housekeeper delta=4m8s861ms).
[2m2026-01-19T07:08:02.936+05:30[0;39m [33m WARN[0;39m [35m51051[0;39m [2m---[0;39m [2m[customer-admin-service] [l-1 housekeeper][0;39m [2m[0;39m[36mcom.zaxxer.hikari.pool.HikariPool       [0;39m [2m:[0;39m HikariPool-1 - Thread starvation or clock leap detected (housekeeper delta=1m7s545ms).
[2m2026-01-19T07:12:02.189+05:30[0;39m [33m WARN[0;39m [35m51051[0;39m [2m---[0;39m [2m[customer-admin-service] [l-1 housekeeper][0;39m [2m[0;39m[36mcom.zaxxer.hikari.pool.HikariPool       [0;39m [2m:[0;39m HikariPool-1 - Thread starvation or clock leap detected (housekeeper delta=3m59s253ms).
[2m2026-01-19T07:15:03.488+05:30[0;39m [33m WARN[0;39m [35m51051[0;39m [2m---[0;39m [2m[customer-admin-service] [l-1 housekeeper][0;39m [2m[0;39m[36mcom.zaxxer.hikari.pool.HikariPool       [0;39m [2m:[0;39m HikariPool-1 - Thread starvation or clock leap detected (housekeeper delta=2m30s669ms).
[2m2026-01-19T07:26:06.158+05:30[0;39m [33m WARN[0;39m [35m51051[0;39m [2m---[0;39m [2m[customer-admin-service] [l-1 housekeeper][0;39m [2m[0;39m[36mcom.zaxxer.hikari.pool.HikariPool       [0;39m [2m:[0;39m HikariPool-1 - Thread starvation or clock leap detected (housekeeper delta=10m32s660ms).
[2m2026-01-19T07:39:43.276+05:30[0;39m [33m WARN[0;39m [35m51051[0;39m [2m---[0;39m [2m[customer-admin-service] [l-1 housekeeper][0;39m [2m[0;39m[36mcom.zaxxer.hikari.pool.HikariPool       [0;39m [2m:[0;39m HikariPool-1 - Thread starvation or clock leap detected (housekeeper delta=13m37s118ms).
[2m2026-01-19T08:06:51.340+05:30[0;39m [33m WARN[0;39m [35m51051[0;39m [2m---[0;39m [2m[customer-admin-service] [l-1 housekeeper][0;39m [2m[0;39m[36mcom.zaxxer.hikari.pool.HikariPool       [0;39m [2m:[0;39m HikariPool-1 - Thread starvation or clock leap detected (housekeeper delta=26m38s54ms).
[2m2026-01-19T08:09:23.867+05:30[0;39m [33m WARN[0;39m [35m51051[0;39m [2m---[0;39m [2m[customer-admin-service] [l-1 housekeeper][0;39m [2m[0;39m[36mcom.zaxxer.hikari.pool.HikariPool       [0;39m [2m:[0;39m HikariPool-1 - Thread starvation or clock leap detected (housekeeper delta=2m32s527ms).
[2m2026-01-19T08:10:34.302+05:30[0;39m [33m WARN[0;39m [35m51051[0;39m [2m---[0;39m [2m[customer-admin-service] [l-1 housekeeper][0;39m [2m[0;39m[36mcom.zaxxer.hikari.pool.HikariPool       [0;39m [2m:[0;39m HikariPool-1 - Thread starvation or clock leap detected (housekeeper delta=1m10s435ms).
[2m2026-01-19T08:11:25.302+05:30[0;39m [33m WARN[0;39m [35m51051[0;39m [2m---[0;39m [2m[customer-admin-service] [l-1 housekeeper][0;39m [2m[0;39m[36mcom.zaxxer.hikari.pool.HikariPool       [0;39m [2m:[0;39m HikariPool-1 - Thread starvation or clock leap detected (housekeeper delta=51s).
[2m2026-01-19T08:14:25.105+05:30[0;39m [33m WARN[0;39m [35m51051[0;39m [2m---[0;39m [2m[customer-admin-service] [l-1 housekeeper][0;39m [2m[0;39m[36mcom.zaxxer.hikari.pool.HikariPool       [0;39m [2m:[0;39m HikariPool-1 - Thread starvation or clock leap detected (housekeeper delta=1m59s785ms).
[2m2026-01-19T08:15:21.614+05:30[0;39m [33m WARN[0;39m [35m51051[0;39m [2m---[0;39m [2m[customer-admin-service] [l-1 housekeeper][0;39m [2m[0;39m[36mcom.zaxxer.hikari.pool.HikariPool       [0;39m [2m:[0;39m HikariPool-1 - Thread starvation or clock leap detected (housekeeper delta=56s510ms).
[2m2026-01-19T08:16:15.957+05:30[0;39m [33m WARN[0;39m [35m51051[0;39m [2m---[0;39m [2m[customer-admin-service] [l-1 housekeeper][0;39m [2m[0;39m[36mcom.zaxxer.hikari.pool.HikariPool       [0;39m [2m:[0;39m HikariPool-1 - Thread starvation or clock leap detected (housekeeper delta=54s343ms).
[2m2026-01-19T08:27:24.072+05:30[0;39m [33m WARN[0;39m [35m51051[0;39m [2m---[0;39m [2m[customer-admin-service] [l-1 housekeeper][0;39m [2m[0;39m[36mcom.zaxxer.hikari.pool.HikariPool       [0;39m [2m:[0;39m HikariPool-1 - Thread starvation or clock leap detected (housekeeper delta=11m8s115ms).
[2m2026-01-19T08:31:57.446+05:30[0;39m [33m WARN[0;39m [35m51051[0;39m [2m---[0;39m [2m[customer-admin-service] [l-1 housekeeper][0;39m [2m[0;39m[36mcom.zaxxer.hikari.pool.HikariPool       [0;39m [2m:[0;39m HikariPool-1 - Thread starvation or clock leap detected (housekeeper delta=4m33s374ms).
[2m2026-01-19T09:10:14.873+05:30[0;39m [33m WARN[0;39m [35m51051[0;39m [2m---[0;39m [2m[customer-admin-service] [l-1 housekeeper][0;39m [2m[0;39m[36mcom.zaxxer.hikari.pool.HikariPool       [0;39m [2m:[0;39m HikariPool-1 - Thread starvation or clock leap detected (housekeeper delta=37m11s80ms).
[2m2026-01-19T09:12:17.757+05:30[0;39m [33m WARN[0;39m [35m51051[0;39m [2m---[0;39m [2m[customer-admin-service] [l-1 housekeeper][0;39m [2m[0;39m[36mcom.zaxxer.hikari.pool.HikariPool       [0;39m [2m:[0;39m HikariPool-1 - Thread starvation or clock leap detected (housekeeper delta=2m2s883ms).
[2m2026-01-19T09:13:44.310+05:30[0;39m [33m WARN[0;39m [35m51051[0;39m [2m---[0;39m [2m[customer-admin-service] [l-1 housekeeper][0;39m [2m[0;39m[36mcom.zaxxer.hikari.pool.HikariPool       [0;39m [2m:[0;39m HikariPool-1 - Thread starvation or clock leap detected (housekeeper delta=56s551ms).
[2m2026-01-19T09:17:30.519+05:30[0;39m [33m WARN[0;39m [35m51051[0;39m [2m---[0;39m [2m[customer-admin-service] [l-1 housekeeper][0;39m [2m[0;39m[36mcom.zaxxer.hikari.pool.HikariPool       [0;39m [2m:[0;39m HikariPool-1 - Thread starvation or clock leap detected (housekeeper delta=3m46s209ms).
[2m2026-01-19T09:19:40.156+05:30[0;39m [33m WARN[0;39m [35m51051[0;39m [2m---[0;39m [2m[customer-admin-service] [l-1 housekeeper][0;39m [2m[0;39m[36mcom.zaxxer.hikari.pool.HikariPool       [0;39m [2m:[0;39m HikariPool-1 - Thread starvation or clock leap detected (housekeeper delta=2m9s637ms).
[2m2026-01-19T09:23:55.113+05:30[0;39m [33m WARN[0;39m [35m51051[0;39m [2m---[0;39m [2m[customer-admin-service] [l-1 housekeeper][0;39m [2m[0;39m[36mcom.zaxxer.hikari.pool.HikariPool       [0;39m [2m:[0;39m HikariPool-1 - Thread starvation or clock leap detected (housekeeper delta=4m14s957ms).
[2m2026-01-19T10:07:31.177+05:30[0;39m [32m INFO[0;39m [35m51051[0;39m [2m---[0;39m [2m[customer-admin-service] [nio-8090-exec-1][0;39m [2m[0;39m[36mo.a.c.c.C.[Tomcat].[localhost].[/]      [0;39m [2m:[0;39m Initializing Spring DispatcherServlet 'dispatcherServlet'
[2m2026-01-19T10:07:31.177+05:30[0;39m [32m INFO[0;39m [35m51051[0;39m [2m---[0;39m [2m[customer-admin-service] [nio-8090-exec-1][0;39m [2m[0;39m[36mo.s.web.servlet.DispatcherServlet       [0;39m [2m:[0;39m Initializing Servlet 'dispatcherServlet'
[2m2026-01-19T10:07:31.180+05:30[0;39m [32m INFO[0;39m [35m51051[0;39m [2m---[0;39m [2m[customer-admin-service] [nio-8090-exec-1][0;39m [2m[0;39m[36mo.s.web.servlet.DispatcherServlet       [0;39m [2m:[0;39m Completed initialization in 3 ms
[2m2026-01-19T11:14:56.882+05:30[0;39m [33m WARN[0;39m [35m51051[0;39m [2m---[0;39m [2m[customer-admin-service] [l-1 housekeeper][0;39m [2m[0;39m[36mcom.zaxxer.hikari.pool.HikariPool       [0;39m [2m:[0;39m HikariPool-1 - Thread starvation or clock leap detected (housekeeper delta=2m30s980ms).
[2m2026-01-19T11:17:54.525+05:30[0;39m [33m WARN[0;39m [35m51051[0;39m [2m---[0;39m [2m[customer-admin-service] [l-1 housekeeper][0;39m [2m[0;39m[36mcom.zaxxer.hikari.pool.HikariPool       [0;39m [2m:[0;39m HikariPool-1 - Thread starvation or clock leap detected (housekeeper delta=2m27s635ms).
