[INFO] Scanning for projects...
[INFO] 
[INFO] ------------------------< com.crm:user-service >------------------------
[INFO] Building User Service 1.0.0
[INFO]   from pom.xml
[INFO] --------------------------------[ jar ]---------------------------------
[INFO] 
[INFO] --- clean:3.3.2:clean (default-clean) @ user-service ---
[INFO] Deleting /Users/shubhamgaigawale/monkdevs_workflow/backend/user-service/target
[INFO] 
[INFO] --- resources:3.3.1:resources (default-resources) @ user-service ---
[INFO] Copying 1 resource from src/main/resources to target/classes
[INFO] Copying 1 resource from src/main/resources to target/classes
[INFO] 
[INFO] --- compiler:3.11.0:compile (default-compile) @ user-service ---
[INFO] Changes detected - recompiling the module! :source
[INFO] Compiling 22 source files with javac [debug release 17] to target/classes
[WARNING] /Users/shubhamgaigawale/monkdevs_workflow/backend/user-service/src/main/java/com/crm/userservice/dto/response/AuthResponse.java:[23,20] @Builder will ignore the initializing expression entirely. If you want the initializing expression to serve as default, add @Builder.Default. If it is not supposed to be settable during building, make the field final.
[INFO] 
[INFO] --- resources:3.3.1:testResources (default-testResources) @ user-service ---
[INFO] skip non existing resourceDirectory /Users/shubhamgaigawale/monkdevs_workflow/backend/user-service/src/test/resources
[INFO] 
[INFO] --- compiler:3.11.0:testCompile (default-testCompile) @ user-service ---
[INFO] No sources to compile
[INFO] 
[INFO] --- surefire:3.1.2:test (default-test) @ user-service ---
[INFO] Tests are skipped.
[INFO] 
[INFO] --- jar:3.3.0:jar (default-jar) @ user-service ---
[INFO] Building jar: /Users/shubhamgaigawale/monkdevs_workflow/backend/user-service/target/user-service-1.0.0.jar
[INFO] 
[INFO] --- spring-boot:3.2.1:repackage (repackage) @ user-service ---
[INFO] Replacing main artifact /Users/shubhamgaigawale/monkdevs_workflow/backend/user-service/target/user-service-1.0.0.jar with repackaged archive, adding nested dependencies in BOOT-INF/.
[INFO] The original artifact has been renamed to /Users/shubhamgaigawale/monkdevs_workflow/backend/user-service/target/user-service-1.0.0.jar.original
[INFO] 
[INFO] --- install:3.1.1:install (default-install) @ user-service ---
[INFO] Installing /Users/shubhamgaigawale/monkdevs_workflow/backend/user-service/pom.xml to /Users/shubhamgaigawale/.m2/repository/com/crm/user-service/1.0.0/user-service-1.0.0.pom
[INFO] Installing /Users/shubhamgaigawale/monkdevs_workflow/backend/user-service/target/user-service-1.0.0.jar to /Users/shubhamgaigawale/.m2/repository/com/crm/user-service/1.0.0/user-service-1.0.0.jar
[INFO] ------------------------------------------------------------------------
[INFO] BUILD SUCCESS
[INFO] ------------------------------------------------------------------------
[INFO] Total time:  1.789 s
[INFO] Finished at: 2026-01-18T14:07:10+05:30
[INFO] ------------------------------------------------------------------------
